{"numFailedTestSuites":0,"numFailedTests":0,"numPassedTestSuites":52,"numPassedTests":265,"numPendingTestSuites":0,"numPendingTests":0,"numRuntimeErrorTestSuites":0,"numTodoTests":0,"numTotalTestSuites":52,"numTotalTests":265,"openHandles":[],"snapshot":{"added":0,"didUpdate":false,"failure":true,"filesAdded":0,"filesRemoved":29,"filesRemovedList":["/Users/mts/PapillonAdsHub/papillonads/packages/components/build/primer/Pagination/PreviousNext/__tests__/__snapshots__/PreviousNext.int.test.js.snap","/Users/mts/PapillonAdsHub/papillonads/packages/components/build/primer/Navigation/UnderlineNav/__tests__/__snapshots__/UnderlineNav.int.test.js.snap","/Users/mts/PapillonAdsHub/papillonads/packages/components/build/primer/Navigation/TabNav/__tests__/__snapshots__/TabNav.int.test.js.snap","/Users/mts/PapillonAdsHub/papillonads/packages/components/build/primer/Navigation/Menu/__tests__/__snapshots__/Menu.int.test.js.snap","/Users/mts/PapillonAdsHub/papillonads/packages/components/build/primer/Grid/FlexGrid/__tests__/__snapshots__/FlexGrid.int.test.js.snap","/Users/mts/PapillonAdsHub/papillonads/packages/components/build/primer/Grid/DisplayTable/__tests__/__snapshots__/DisplayTable.int.test.js.snap","/Users/mts/PapillonAdsHub/papillonads/packages/components/build/primer/Form/Radio/__tests__/__snapshots__/Radio.int.test.js.snap","/Users/mts/PapillonAdsHub/papillonads/packages/components/build/primer/Form/Input/__tests__/__snapshots__/Input.int.test.js.snap","/Users/mts/PapillonAdsHub/papillonads/packages/components/build/primer/Form/Checkbox/__tests__/__snapshots__/Checkbox.int.test.js.snap","/Users/mts/PapillonAdsHub/papillonads/packages/components/build/primer/Concept/VersionControl/__tests__/__snapshots__/VersionControl.int.test.js.snap","/Users/mts/PapillonAdsHub/papillonads/packages/components/build/primer/Concept/Testing/__tests__/__snapshots__/Testing.int.test.js.snap","/Users/mts/PapillonAdsHub/papillonads/packages/components/build/primer/Concept/Runtime/__tests__/__snapshots__/Runtime.int.test.js.snap","/Users/mts/PapillonAdsHub/papillonads/packages/components/build/primer/Concept/Routing/__tests__/__snapshots__/Routing.int.test.js.snap","/Users/mts/PapillonAdsHub/papillonads/packages/components/build/primer/Concept/Rendering/__tests__/__snapshots__/Rendering.int.test.js.snap","/Users/mts/PapillonAdsHub/papillonads/packages/components/build/primer/Concept/Monorepo/__tests__/__snapshots__/Monorepo.int.test.js.snap","/Users/mts/PapillonAdsHub/papillonads/packages/components/build/primer/Concept/Microsite/__tests__/__snapshots__/Microsite.int.test.js.snap","/Users/mts/PapillonAdsHub/papillonads/packages/components/build/primer/Concept/LocalDevelopment/__tests__/__snapshots__/LocalDevelopment.int.test.js.snap","/Users/mts/PapillonAdsHub/papillonads/packages/components/build/primer/Concept/Language/__tests__/__snapshots__/Language.int.test.js.snap","/Users/mts/PapillonAdsHub/papillonads/packages/components/build/primer/Concept/CrossBrowserCompatibility/__tests__/__snapshots__/CrossBrowserCompatibility.int.test.js.snap","/Users/mts/PapillonAdsHub/papillonads/packages/components/build/primer/Concept/ContinuousIntegration/__tests__/__snapshots__/ContinuousIntegration.int.test.js.snap","/Users/mts/PapillonAdsHub/papillonads/packages/components/build/primer/Concept/ContinuousDelivery/__tests__/__snapshots__/ContinuousDelivery.int.test.js.snap","/Users/mts/PapillonAdsHub/papillonads/packages/components/build/primer/Concept/ComponentDrivenDevelopment/__tests__/__snapshots__/ComponentDrivenDevelopment.int.test.js.snap","/Users/mts/PapillonAdsHub/papillonads/packages/components/build/primer/Concept/ComponentDesign/__tests__/__snapshots__/ComponentDesign.int.test.js.snap","/Users/mts/PapillonAdsHub/papillonads/packages/components/build/primer/Concept/Compiling/__tests__/__snapshots__/Compiling.int.test.js.snap","/Users/mts/PapillonAdsHub/papillonads/packages/components/build/primer/Concept/CodeStyle/__tests__/__snapshots__/CodeStyle.int.test.js.snap","/Users/mts/PapillonAdsHub/papillonads/packages/components/build/primer/Concept/CSSArchitecture/__tests__/__snapshots__/CSSArchitecture.int.test.js.snap","/Users/mts/PapillonAdsHub/papillonads/packages/components/build/primer/Concept/Bootstrap/__tests__/__snapshots__/Bootstrap.int.test.js.snap","/Users/mts/PapillonAdsHub/papillonads/packages/components/build/primer/Concept/ApplicationArchitecture/__tests__/__snapshots__/ApplicationArchitecture.int.test.js.snap","/Users/mts/PapillonAdsHub/papillonads/packages/components/build/primer/Concept/Accessibility/__tests__/__snapshots__/Accessibility.int.test.js.snap"],"filesUnmatched":0,"filesUpdated":0,"matched":206,"total":206,"unchecked":0,"uncheckedKeysByFile":[],"unmatched":0,"updated":0},"startTime":1651584416220,"success":false,"testResults":[{"assertionResults":[{"ancestorTitles":["<NotFoundPage />","Snaphot"],"duration":65,"failureMessages":[],"fullName":"<NotFoundPage /> Snaphot must match asyncRender","location":null,"status":"passed","title":"must match asyncRender"},{"ancestorTitles":["<NotFoundPage />","Snaphot"],"duration":98,"failureMessages":[],"fullName":"<NotFoundPage /> Snaphot must match defaultRender","location":null,"status":"passed","title":"must match defaultRender"}],"endTime":1651584424066,"message":"","name":"/Users/mts/PapillonAdsHub/papillonads/packages/styleguide/src/pattern/page/NotFoundPage/__tests__/NotFoundPage.int.test.js","startTime":1651584418246,"status":"passed","summary":""},{"assertionResults":[{"ancestorTitles":["<CSSArchitecture />","Render"],"duration":47,"failureMessages":[],"fullName":"<CSSArchitecture /> Render must match specificationsStandardsGuidelines()","location":null,"status":"passed","title":"must match specificationsStandardsGuidelines()"},{"ancestorTitles":["<CSSArchitecture />","Render"],"duration":2,"failureMessages":[],"fullName":"<CSSArchitecture /> Render must match openSourceDependencyProjects()","location":null,"status":"passed","title":"must match openSourceDependencyProjects()"},{"ancestorTitles":["<CSSArchitecture />","Render"],"duration":6,"failureMessages":[],"fullName":"<CSSArchitecture /> Render must match designSystemCore()","location":null,"status":"passed","title":"must match designSystemCore()"},{"ancestorTitles":["<CSSArchitecture />","Render"],"duration":1,"failureMessages":[],"fullName":"<CSSArchitecture /> Render must match productMicrosites()","location":null,"status":"passed","title":"must match productMicrosites()"}],"endTime":1651584425038,"message":"","name":"/Users/mts/PapillonAdsHub/papillonads/packages/components/src/primer/Concept/CSSArchitecture/__tests__/CSSArchitecture.int.test.js","startTime":1651584418231,"status":"passed","summary":""},{"assertionResults":[{"ancestorTitles":["<Blankslate />","Render"],"duration":53,"failureMessages":[],"fullName":"<Blankslate /> Render must match regular()","location":null,"status":"passed","title":"must match regular()"},{"ancestorTitles":["<Blankslate />","Render"],"duration":1,"failureMessages":[],"fullName":"<Blankslate /> Render must match narrow()","location":null,"status":"passed","title":"must match narrow()"},{"ancestorTitles":["<Blankslate />","Render"],"duration":1,"failureMessages":[],"fullName":"<Blankslate /> Render must match capped()","location":null,"status":"passed","title":"must match capped()"},{"ancestorTitles":["<Blankslate />","Render"],"duration":1,"failureMessages":[],"fullName":"<Blankslate /> Render must match spacious()","location":null,"status":"passed","title":"must match spacious()"},{"ancestorTitles":["<Blankslate />","Render"],"duration":1,"failureMessages":[],"fullName":"<Blankslate /> Render must match large()","location":null,"status":"passed","title":"must match large()"},{"ancestorTitles":["<Blankslate />","Render"],"duration":2,"failureMessages":[],"fullName":"<Blankslate /> Render must match cleanBackground()","location":null,"status":"passed","title":"must match cleanBackground()"}],"endTime":1651584425055,"message":"","name":"/Users/mts/PapillonAdsHub/papillonads/packages/components/src/primer/Blankslate/__tests__/Blankslate.int.test.js","startTime":1651584418128,"status":"passed","summary":""},{"assertionResults":[{"ancestorTitles":["<UnderlineNav />","Event"],"duration":414,"failureMessages":[],"fullName":"<UnderlineNav /> Event must return new items without index when button items and onClick()","location":null,"status":"passed","title":"must return new items without index when button items and onClick()"},{"ancestorTitles":["<UnderlineNav />","Event"],"duration":24,"failureMessages":[],"fullName":"<UnderlineNav /> Event must return new items without index when anchor items and onClick()","location":null,"status":"passed","title":"must return new items without index when anchor items and onClick()"},{"ancestorTitles":["<UnderlineNav />","Render"],"duration":25,"failureMessages":[],"fullName":"<UnderlineNav /> Render must match regular()","location":null,"status":"passed","title":"must match regular()"},{"ancestorTitles":["<UnderlineNav />","Render"],"duration":3,"failureMessages":[],"fullName":"<UnderlineNav /> Render must match withActions()","location":null,"status":"passed","title":"must match withActions()"},{"ancestorTitles":["<UnderlineNav />","Render"],"duration":1,"failureMessages":[],"fullName":"<UnderlineNav /> Render must match rightAligned()","location":null,"status":"passed","title":"must match rightAligned()"},{"ancestorTitles":["<UnderlineNav />","Render"],"duration":8,"failureMessages":[],"fullName":"<UnderlineNav /> Render must match rightAlignedWithActions()","location":null,"status":"passed","title":"must match rightAlignedWithActions()"},{"ancestorTitles":["<UnderlineNav />","Render"],"duration":2,"failureMessages":[],"fullName":"<UnderlineNav /> Render must match withIcons()","location":null,"status":"passed","title":"must match withIcons()"},{"ancestorTitles":["<UnderlineNav />","Render"],"duration":1,"failureMessages":[],"fullName":"<UnderlineNav /> Render must match fullContainer()","location":null,"status":"passed","title":"must match fullContainer()"},{"ancestorTitles":["<UnderlineNav />","State"],"duration":11,"failureMessages":[],"fullName":"<UnderlineNav /> State must reset new items with index when button items and onClick()","location":null,"status":"passed","title":"must reset new items with index when button items and onClick()"},{"ancestorTitles":["<UnderlineNav />","State"],"duration":5,"failureMessages":[],"fullName":"<UnderlineNav /> State must reset new items with index when anchor items and onClick()","location":null,"status":"passed","title":"must reset new items with index when anchor items and onClick()"}],"endTime":1651584425184,"message":"","name":"/Users/mts/PapillonAdsHub/papillonads/packages/components/src/primer/Navigation/UnderlineNav/__tests__/UnderlineNav.int.test.js","startTime":1651584418146,"status":"passed","summary":""},{"assertionResults":[{"ancestorTitles":["<Icon />","Render"],"duration":27,"failureMessages":[],"fullName":"<Icon /> Render must match regular()","location":null,"status":"passed","title":"must match regular()"},{"ancestorTitles":["<Icon />","Render"],"duration":299,"failureMessages":[],"fullName":"<Icon /> Render must match allIcons()","location":null,"status":"passed","title":"must match allIcons()"}],"endTime":1651584425231,"message":"","name":"/Users/mts/PapillonAdsHub/papillonads/packages/components/src/primer/Icon/__tests__/Icon.int.test.js","startTime":1651584418124,"status":"passed","summary":""},{"assertionResults":[{"ancestorTitles":["<TabNav />","Event"],"duration":368,"failureMessages":[],"fullName":"<TabNav /> Event must return new items without index when regular items and onClick()","location":null,"status":"passed","title":"must return new items without index when regular items and onClick()"},{"ancestorTitles":["<TabNav />","Event"],"duration":15,"failureMessages":[],"fullName":"<TabNav /> Event must return new items without index when navigation items and onClick()","location":null,"status":"passed","title":"must return new items without index when navigation items and onClick()"},{"ancestorTitles":["<TabNav />","Event"],"duration":6,"failureMessages":[],"fullName":"<TabNav /> Event must return new items without index when mixed enabled visuble items and onClick()","location":null,"status":"passed","title":"must return new items without index when mixed enabled visuble items and onClick()"},{"ancestorTitles":["<TabNav />","Render"],"duration":30,"failureMessages":[],"fullName":"<TabNav /> Render must match regular()","location":null,"status":"passed","title":"must match regular()"},{"ancestorTitles":["<TabNav />","Render"],"duration":2,"failureMessages":[],"fullName":"<TabNav /> Render must match withButtonActions()","location":null,"status":"passed","title":"must match withButtonActions()"},{"ancestorTitles":["<TabNav />","Render"],"duration":1,"failureMessages":[],"fullName":"<TabNav /> Render must match withTextActions()","location":null,"status":"passed","title":"must match withTextActions()"},{"ancestorTitles":["<TabNav />","Render"],"duration":13,"failureMessages":[],"fullName":"<TabNav /> Render must match withLinkActions()","location":null,"status":"passed","title":"must match withLinkActions()"},{"ancestorTitles":["<TabNav />","Render"],"duration":2,"failureMessages":[],"fullName":"<TabNav /> Render must match withNavigation()","location":null,"status":"passed","title":"must match withNavigation()"},{"ancestorTitles":["<TabNav />","Render"],"duration":24,"failureMessages":[],"fullName":"<TabNav /> Render must match withMixedEnabledVisibleItems()","location":null,"status":"passed","title":"must match withMixedEnabledVisibleItems()"},{"ancestorTitles":["<TabNav />","Render"],"duration":1,"failureMessages":[],"fullName":"<TabNav /> Render must match inactive()","location":null,"status":"passed","title":"must match inactive()"}],"endTime":1651584425303,"message":"","name":"/Users/mts/PapillonAdsHub/papillonads/packages/components/src/primer/Navigation/TabNav/__tests__/TabNav.int.test.js","startTime":1651584418152,"status":"passed","summary":""},{"assertionResults":[{"ancestorTitles":["<Button />","Event"],"duration":323,"failureMessages":[],"fullName":"<Button /> Event must call onClick() when element button","location":null,"status":"passed","title":"must call onClick() when element button"},{"ancestorTitles":["<Button />","Event"],"duration":5,"failureMessages":[],"fullName":"<Button /> Event must call onClick() when element a","location":null,"status":"passed","title":"must call onClick() when element a"},{"ancestorTitles":["<Button />","Render"],"duration":14,"failureMessages":[],"fullName":"<Button /> Render must match defaultNormal()","location":null,"status":"passed","title":"must match defaultNormal()"},{"ancestorTitles":["<Button />","Render"],"duration":1,"failureMessages":[],"fullName":"<Button /> Render must match defaultSmall()","location":null,"status":"passed","title":"must match defaultSmall()"},{"ancestorTitles":["<Button />","Render"],"duration":1,"failureMessages":[],"fullName":"<Button /> Render must match defaultLarge()","location":null,"status":"passed","title":"must match defaultLarge()"},{"ancestorTitles":["<Button />","Render"],"duration":1,"failureMessages":[],"fullName":"<Button /> Render must match defaultInactive()","location":null,"status":"passed","title":"must match defaultInactive()"},{"ancestorTitles":["<Button />","Render"],"duration":3,"failureMessages":[],"fullName":"<Button /> Render must match defaultIconLeftAligned()","location":null,"status":"passed","title":"must match defaultIconLeftAligned()"},{"ancestorTitles":["<Button />","Render"],"duration":13,"failureMessages":[],"fullName":"<Button /> Render must match defaultIconRightAligned()","location":null,"status":"passed","title":"must match defaultIconRightAligned()"},{"ancestorTitles":["<Button />","Render"],"duration":1,"failureMessages":[],"fullName":"<Button /> Render must match defaultLink()","location":null,"status":"passed","title":"must match defaultLink()"},{"ancestorTitles":["<Button />","Render"],"duration":3,"failureMessages":[],"fullName":"<Button /> Render must match primary()","location":null,"status":"passed","title":"must match primary()"},{"ancestorTitles":["<Button />","Render"],"duration":2,"failureMessages":[],"fullName":"<Button /> Render must match primarySmall()","location":null,"status":"passed","title":"must match primarySmall()"},{"ancestorTitles":["<Button />","Render"],"duration":1,"failureMessages":[],"fullName":"<Button /> Render must match primaryLarge()","location":null,"status":"passed","title":"must match primaryLarge()"},{"ancestorTitles":["<Button />","Render"],"duration":1,"failureMessages":[],"fullName":"<Button /> Render must match primaryInactive()","location":null,"status":"passed","title":"must match primaryInactive()"},{"ancestorTitles":["<Button />","Render"],"duration":2,"failureMessages":[],"fullName":"<Button /> Render must match primaryIconLeftAligned()","location":null,"status":"passed","title":"must match primaryIconLeftAligned()"},{"ancestorTitles":["<Button />","Render"],"duration":1,"failureMessages":[],"fullName":"<Button /> Render must match primaryIconRightAligned()","location":null,"status":"passed","title":"must match primaryIconRightAligned()"},{"ancestorTitles":["<Button />","Render"],"duration":1,"failureMessages":[],"fullName":"<Button /> Render must match danger()","location":null,"status":"passed","title":"must match danger()"},{"ancestorTitles":["<Button />","Render"],"duration":7,"failureMessages":[],"fullName":"<Button /> Render must match dangerSmall()","location":null,"status":"passed","title":"must match dangerSmall()"},{"ancestorTitles":["<Button />","Render"],"duration":16,"failureMessages":[],"fullName":"<Button /> Render must match dangerLarge()","location":null,"status":"passed","title":"must match dangerLarge()"},{"ancestorTitles":["<Button />","Render"],"duration":1,"failureMessages":[],"fullName":"<Button /> Render must match dangerInactive()","location":null,"status":"passed","title":"must match dangerInactive()"},{"ancestorTitles":["<Button />","Render"],"duration":1,"failureMessages":[],"fullName":"<Button /> Render must match dangerIconLeftAligned()","location":null,"status":"passed","title":"must match dangerIconLeftAligned()"},{"ancestorTitles":["<Button />","Render"],"duration":1,"failureMessages":[],"fullName":"<Button /> Render must match dangerIconRightAligned()","location":null,"status":"passed","title":"must match dangerIconRightAligned()"},{"ancestorTitles":["<Button />","Render"],"duration":1,"failureMessages":[],"fullName":"<Button /> Render must match outline()","location":null,"status":"passed","title":"must match outline()"},{"ancestorTitles":["<Button />","Render"],"duration":1,"failureMessages":[],"fullName":"<Button /> Render must match outlineSmall()","location":null,"status":"passed","title":"must match outlineSmall()"},{"ancestorTitles":["<Button />","Render"],"duration":0,"failureMessages":[],"fullName":"<Button /> Render must match outlineLarge()","location":null,"status":"passed","title":"must match outlineLarge()"},{"ancestorTitles":["<Button />","Render"],"duration":1,"failureMessages":[],"fullName":"<Button /> Render must match outlineInactive()","location":null,"status":"passed","title":"must match outlineInactive()"},{"ancestorTitles":["<Button />","Render"],"duration":1,"failureMessages":[],"fullName":"<Button /> Render must match outlineIconLeftAligned()","location":null,"status":"passed","title":"must match outlineIconLeftAligned()"},{"ancestorTitles":["<Button />","Render"],"duration":1,"failureMessages":[],"fullName":"<Button /> Render must match outlineIconRightAligned()","location":null,"status":"passed","title":"must match outlineIconRightAligned()"},{"ancestorTitles":["<Button />","Render"],"duration":1,"failureMessages":[],"fullName":"<Button /> Render must match blue()","location":null,"status":"passed","title":"must match blue()"},{"ancestorTitles":["<Button />","Render"],"duration":1,"failureMessages":[],"fullName":"<Button /> Render must match blueSmall()","location":null,"status":"passed","title":"must match blueSmall()"},{"ancestorTitles":["<Button />","Render"],"duration":0,"failureMessages":[],"fullName":"<Button /> Render must match blueLarge()","location":null,"status":"passed","title":"must match blueLarge()"},{"ancestorTitles":["<Button />","Render"],"duration":1,"failureMessages":[],"fullName":"<Button /> Render must match blueInactive()","location":null,"status":"passed","title":"must match blueInactive()"},{"ancestorTitles":["<Button />","Render"],"duration":1,"failureMessages":[],"fullName":"<Button /> Render must match blueIconLeftAligned()","location":null,"status":"passed","title":"must match blueIconLeftAligned()"},{"ancestorTitles":["<Button />","Render"],"duration":1,"failureMessages":[],"fullName":"<Button /> Render must match blueIconRightAligned()","location":null,"status":"passed","title":"must match blueIconRightAligned()"},{"ancestorTitles":["<Button />","Render"],"duration":0,"failureMessages":[],"fullName":"<Button /> Render must match orange()","location":null,"status":"passed","title":"must match orange()"},{"ancestorTitles":["<Button />","Render"],"duration":1,"failureMessages":[],"fullName":"<Button /> Render must match orangeSmall()","location":null,"status":"passed","title":"must match orangeSmall()"},{"ancestorTitles":["<Button />","Render"],"duration":0,"failureMessages":[],"fullName":"<Button /> Render must match orangeLarge()","location":null,"status":"passed","title":"must match orangeLarge()"},{"ancestorTitles":["<Button />","Render"],"duration":1,"failureMessages":[],"fullName":"<Button /> Render must match orangeInactive()","location":null,"status":"passed","title":"must match orangeInactive()"},{"ancestorTitles":["<Button />","Render"],"duration":1,"failureMessages":[],"fullName":"<Button /> Render must match orangeIconLeftAligned()","location":null,"status":"passed","title":"must match orangeIconLeftAligned()"},{"ancestorTitles":["<Button />","Render"],"duration":1,"failureMessages":[],"fullName":"<Button /> Render must match orangeIconRightAligned()","location":null,"status":"passed","title":"must match orangeIconRightAligned()"}],"endTime":1651584425397,"message":"","name":"/Users/mts/PapillonAdsHub/papillonads/packages/components/src/primer/Button/__tests__/Button.int.test.js","startTime":1651584418197,"status":"passed","summary":""},{"assertionResults":[{"ancestorTitles":["<ComponentDesign />","Render"],"duration":58,"failureMessages":[],"fullName":"<ComponentDesign /> Render must match specificationsStandardsGuidelines()","location":null,"status":"passed","title":"must match specificationsStandardsGuidelines()"},{"ancestorTitles":["<ComponentDesign />","Render"],"duration":4,"failureMessages":[],"fullName":"<ComponentDesign /> Render must match openSourceDependencyProjects()","location":null,"status":"passed","title":"must match openSourceDependencyProjects()"},{"ancestorTitles":["<ComponentDesign />","Render"],"duration":1,"failureMessages":[],"fullName":"<ComponentDesign /> Render must match designSystemCore()","location":null,"status":"passed","title":"must match designSystemCore()"},{"ancestorTitles":["<ComponentDesign />","Render"],"duration":3,"failureMessages":[],"fullName":"<ComponentDesign /> Render must match productMicrosites()","location":null,"status":"passed","title":"must match productMicrosites()"}],"endTime":1651584426461,"message":"","name":"/Users/mts/PapillonAdsHub/papillonads/packages/components/src/primer/Concept/ComponentDesign/__tests__/ComponentDesign.int.test.js","startTime":1651584425108,"status":"passed","summary":""},{"assertionResults":[{"ancestorTitles":["<Progress />","Render"],"duration":3,"failureMessages":[],"fullName":"<Progress /> Render must match normal()","location":null,"status":"passed","title":"must match normal()"},{"ancestorTitles":["<Progress />","Render"],"duration":1,"failureMessages":[],"fullName":"<Progress /> Render must match large()","location":null,"status":"passed","title":"must match large()"},{"ancestorTitles":["<Progress />","Render"],"duration":1,"failureMessages":[],"fullName":"<Progress /> Render must match small()","location":null,"status":"passed","title":"must match small()"}],"endTime":1651584426720,"message":"","name":"/Users/mts/PapillonAdsHub/papillonads/packages/components/src/primer/Progress/__tests__/Progress.int.test.js","startTime":1651584425354,"status":"passed","summary":""},{"assertionResults":[{"ancestorTitles":["<Routing />","Render"],"duration":2,"failureMessages":[],"fullName":"<Routing /> Render must match specificationsStandardsGuidelines()","location":null,"status":"passed","title":"must match specificationsStandardsGuidelines()"},{"ancestorTitles":["<Routing />","Render"],"duration":0,"failureMessages":[],"fullName":"<Routing /> Render must match openSourceDependencyProjects()","location":null,"status":"passed","title":"must match openSourceDependencyProjects()"},{"ancestorTitles":["<Routing />","Render"],"duration":1,"failureMessages":[],"fullName":"<Routing /> Render must match designSystemCore()","location":null,"status":"passed","title":"must match designSystemCore()"},{"ancestorTitles":["<Routing />","Render"],"duration":1,"failureMessages":[],"fullName":"<Routing /> Render must match productMicrosites()","location":null,"status":"passed","title":"must match productMicrosites()"}],"endTime":1651584426802,"message":"","name":"/Users/mts/PapillonAdsHub/papillonads/packages/components/src/primer/Concept/Routing/__tests__/Routing.int.test.js","startTime":1651584425498,"status":"passed","summary":""},{"assertionResults":[{"ancestorTitles":["<Popover />","Event"],"duration":332,"failureMessages":[],"fullName":"<Popover /> Event must call introOnClick()","location":null,"status":"passed","title":"must call introOnClick()"},{"ancestorTitles":["<Popover />","Event"],"duration":43,"failureMessages":[],"fullName":"<Popover /> Event must call acknowledgeOnClick()","location":null,"status":"passed","title":"must call acknowledgeOnClick()"},{"ancestorTitles":["<Popover />","Render"],"duration":3,"failureMessages":[],"fullName":"<Popover /> Render must match regular()","location":null,"status":"passed","title":"must match regular()"},{"ancestorTitles":["<Popover />","Render"],"duration":19,"failureMessages":[],"fullName":"<Popover /> Render must match regularLarge()","location":null,"status":"passed","title":"must match regularLarge()"},{"ancestorTitles":["<Popover />","Render"],"duration":2,"failureMessages":[],"fullName":"<Popover /> Render must match bottom()","location":null,"status":"passed","title":"must match bottom()"},{"ancestorTitles":["<Popover />","Render"],"duration":1,"failureMessages":[],"fullName":"<Popover /> Render must match bottomRight()","location":null,"status":"passed","title":"must match bottomRight()"},{"ancestorTitles":["<Popover />","Render"],"duration":3,"failureMessages":[],"fullName":"<Popover /> Render must match bottomLeft()","location":null,"status":"passed","title":"must match bottomLeft()"},{"ancestorTitles":["<Popover />","Render"],"duration":1,"failureMessages":[],"fullName":"<Popover /> Render must match left()","location":null,"status":"passed","title":"must match left()"},{"ancestorTitles":["<Popover />","Render"],"duration":1,"failureMessages":[],"fullName":"<Popover /> Render must match leftBottom()","location":null,"status":"passed","title":"must match leftBottom()"},{"ancestorTitles":["<Popover />","Render"],"duration":3,"failureMessages":[],"fullName":"<Popover /> Render must match leftTop()","location":null,"status":"passed","title":"must match leftTop()"},{"ancestorTitles":["<Popover />","Render"],"duration":1,"failureMessages":[],"fullName":"<Popover /> Render must match right()","location":null,"status":"passed","title":"must match right()"},{"ancestorTitles":["<Popover />","Render"],"duration":11,"failureMessages":[],"fullName":"<Popover /> Render must match rightBottom()","location":null,"status":"passed","title":"must match rightBottom()"},{"ancestorTitles":["<Popover />","Render"],"duration":0,"failureMessages":[],"fullName":"<Popover /> Render must match rightTop()","location":null,"status":"passed","title":"must match rightTop()"},{"ancestorTitles":["<Popover />","Render"],"duration":4,"failureMessages":[],"fullName":"<Popover /> Render must match topLeft()","location":null,"status":"passed","title":"must match topLeft()"},{"ancestorTitles":["<Popover />","Render"],"duration":4,"failureMessages":[],"fullName":"<Popover /> Render must match topRight()","location":null,"status":"passed","title":"must match topRight()"}],"endTime":1651584426897,"message":"","name":"/Users/mts/PapillonAdsHub/papillonads/packages/components/src/primer/Popover/__tests__/Popover.int.test.js","startTime":1651584425107,"status":"passed","summary":""},{"assertionResults":[{"ancestorTitles":["<Compiling />","Render"],"duration":2,"failureMessages":[],"fullName":"<Compiling /> Render must match specificationsStandardsGuidelines()","location":null,"status":"passed","title":"must match specificationsStandardsGuidelines()"},{"ancestorTitles":["<Compiling />","Render"],"duration":14,"failureMessages":[],"fullName":"<Compiling /> Render must match openSourceDependencyProjects()","location":null,"status":"passed","title":"must match openSourceDependencyProjects()"},{"ancestorTitles":["<Compiling />","Render"],"duration":1,"failureMessages":[],"fullName":"<Compiling /> Render must match designSystemCore()","location":null,"status":"passed","title":"must match designSystemCore()"},{"ancestorTitles":["<Compiling />","Render"],"duration":6,"failureMessages":[],"fullName":"<Compiling /> Render must match productMicrosites()","location":null,"status":"passed","title":"must match productMicrosites()"}],"endTime":1651584427274,"message":"","name":"/Users/mts/PapillonAdsHub/papillonads/packages/components/src/primer/Concept/Compiling/__tests__/Compiling.int.test.js","startTime":1651584425853,"status":"passed","summary":""},{"assertionResults":[{"ancestorTitles":["<Subhead />","Render"],"duration":2,"failureMessages":[],"fullName":"<Subhead /> Render must match plain()","location":null,"status":"passed","title":"must match plain()"},{"ancestorTitles":["<Subhead />","Render"],"duration":2,"failureMessages":[],"fullName":"<Subhead /> Render must match spacious()","location":null,"status":"passed","title":"must match spacious()"}],"endTime":1651584427570,"message":"","name":"/Users/mts/PapillonAdsHub/papillonads/packages/components/src/primer/Subhead/__tests__/Subhead.int.test.js","startTime":1651584426026,"status":"passed","summary":""},{"assertionResults":[{"ancestorTitles":["<FlexGrid />","Render"],"duration":45,"failureMessages":[],"fullName":"<FlexGrid /> Render must match radioWithSelection()","location":null,"status":"passed","title":"must match radioWithSelection()"},{"ancestorTitles":["<FlexGrid />","Render"],"duration":58,"failureMessages":[],"fullName":"<FlexGrid /> Render must match radioWithSelectionInactive()","location":null,"status":"passed","title":"must match radioWithSelectionInactive()"},{"ancestorTitles":["<FlexGrid />","Render"],"duration":87,"failureMessages":[],"fullName":"<FlexGrid /> Render must match radioWithoutSelection()","location":null,"status":"passed","title":"must match radioWithoutSelection()"},{"ancestorTitles":["<FlexGrid />","Render"],"duration":15,"failureMessages":[],"fullName":"<FlexGrid /> Render must match radioWithoutSelectionInactive()","location":null,"status":"passed","title":"must match radioWithoutSelectionInactive()"},{"ancestorTitles":["<FlexGrid />","Render"],"duration":22,"failureMessages":[],"fullName":"<FlexGrid /> Render must match checkboxWithSelection()","location":null,"status":"passed","title":"must match checkboxWithSelection()"},{"ancestorTitles":["<FlexGrid />","Render"],"duration":95,"failureMessages":[],"fullName":"<FlexGrid /> Render must match checkboxWithSelectionInactive()","location":null,"status":"passed","title":"must match checkboxWithSelectionInactive()"},{"ancestorTitles":["<FlexGrid />","Render"],"duration":21,"failureMessages":[],"fullName":"<FlexGrid /> Render must match checkboxWithoutSelection()","location":null,"status":"passed","title":"must match checkboxWithoutSelection()"},{"ancestorTitles":["<FlexGrid />","Render"],"duration":20,"failureMessages":[],"fullName":"<FlexGrid /> Render must match checkboxWithoutSelectionInactive()","location":null,"status":"passed","title":"must match checkboxWithoutSelectionInactive()"}],"endTime":1651584428011,"message":"","name":"/Users/mts/PapillonAdsHub/papillonads/packages/components/src/primer/Grid/FlexGrid/__tests__/FlexGrid.int.test.js","startTime":1651584424748,"status":"passed","summary":""},{"assertionResults":[{"ancestorTitles":["<VersionControl />","Render"],"duration":19,"failureMessages":[],"fullName":"<VersionControl /> Render must match specificationsStandardsGuidelines()","location":null,"status":"passed","title":"must match specificationsStandardsGuidelines()"},{"ancestorTitles":["<VersionControl />","Render"],"duration":1,"failureMessages":[],"fullName":"<VersionControl /> Render must match openSourceDependencyProjects()","location":null,"status":"passed","title":"must match openSourceDependencyProjects()"},{"ancestorTitles":["<VersionControl />","Render"],"duration":1,"failureMessages":[],"fullName":"<VersionControl /> Render must match designSystemCore()","location":null,"status":"passed","title":"must match designSystemCore()"},{"ancestorTitles":["<VersionControl />","Render"],"duration":1,"failureMessages":[],"fullName":"<VersionControl /> Render must match productMicrosites()","location":null,"status":"passed","title":"must match productMicrosites()"}],"endTime":1651584428107,"message":"","name":"/Users/mts/PapillonAdsHub/papillonads/packages/components/src/primer/Concept/VersionControl/__tests__/VersionControl.int.test.js","startTime":1651584426469,"status":"passed","summary":""},{"assertionResults":[{"ancestorTitles":["<LocalDevelopment />","Render"],"duration":3,"failureMessages":[],"fullName":"<LocalDevelopment /> Render must match specificationsStandardsGuidelines()","location":null,"status":"passed","title":"must match specificationsStandardsGuidelines()"},{"ancestorTitles":["<LocalDevelopment />","Render"],"duration":2,"failureMessages":[],"fullName":"<LocalDevelopment /> Render must match openSourceDependencyProjects()","location":null,"status":"passed","title":"must match openSourceDependencyProjects()"},{"ancestorTitles":["<LocalDevelopment />","Render"],"duration":2,"failureMessages":[],"fullName":"<LocalDevelopment /> Render must match designSystemCore()","location":null,"status":"passed","title":"must match designSystemCore()"},{"ancestorTitles":["<LocalDevelopment />","Render"],"duration":2,"failureMessages":[],"fullName":"<LocalDevelopment /> Render must match productMicrosites()","location":null,"status":"passed","title":"must match productMicrosites()"}],"endTime":1651584428406,"message":"","name":"/Users/mts/PapillonAdsHub/papillonads/packages/components/src/primer/Concept/LocalDevelopment/__tests__/LocalDevelopment.int.test.js","startTime":1651584426727,"status":"passed","summary":""},{"assertionResults":[{"ancestorTitles":["<CodeStyle />","Render"],"duration":24,"failureMessages":[],"fullName":"<CodeStyle /> Render must match specificationsStandardsGuidelines()","location":null,"status":"passed","title":"must match specificationsStandardsGuidelines()"},{"ancestorTitles":["<CodeStyle />","Render"],"duration":4,"failureMessages":[],"fullName":"<CodeStyle /> Render must match openSourceDependencyProjects()","location":null,"status":"passed","title":"must match openSourceDependencyProjects()"},{"ancestorTitles":["<CodeStyle />","Render"],"duration":1,"failureMessages":[],"fullName":"<CodeStyle /> Render must match designSystemCore()","location":null,"status":"passed","title":"must match designSystemCore()"},{"ancestorTitles":["<CodeStyle />","Render"],"duration":2,"failureMessages":[],"fullName":"<CodeStyle /> Render must match productMicrosites()","location":null,"status":"passed","title":"must match productMicrosites()"}],"endTime":1651584428455,"message":"","name":"/Users/mts/PapillonAdsHub/papillonads/packages/components/src/primer/Concept/CodeStyle/__tests__/CodeStyle.int.test.js","startTime":1651584426810,"status":"passed","summary":""},{"assertionResults":[{"ancestorTitles":["<Label />","Render"],"duration":2,"failureMessages":[],"fullName":"<Label /> Render must match regular()","location":null,"status":"passed","title":"must match regular()"}],"endTime":1651584428519,"message":"","name":"/Users/mts/PapillonAdsHub/papillonads/packages/components/src/primer/Label/__tests__/Label.int.test.js","startTime":1651584426941,"status":"passed","summary":""},{"assertionResults":[{"ancestorTitles":["<ErrorBoundary />","Render"],"duration":3,"failureMessages":[],"fullName":"<ErrorBoundary /> Render must match regular()","location":null,"status":"passed","title":"must match regular()"}],"endTime":1651584429094,"message":"","name":"/Users/mts/PapillonAdsHub/papillonads/packages/components/src/primer/ErrorBoundary/__tests__/ErrorBoundary.int.test.js","startTime":1651584427297,"status":"passed","summary":""},{"assertionResults":[{"ancestorTitles":["<Rendering />","Render"],"duration":12,"failureMessages":[],"fullName":"<Rendering /> Render must match specificationsStandardsGuidelines()","location":null,"status":"passed","title":"must match specificationsStandardsGuidelines()"},{"ancestorTitles":["<Rendering />","Render"],"duration":1,"failureMessages":[],"fullName":"<Rendering /> Render must match openSourceDependencyProjects()","location":null,"status":"passed","title":"must match openSourceDependencyProjects()"},{"ancestorTitles":["<Rendering />","Render"],"duration":1,"failureMessages":[],"fullName":"<Rendering /> Render must match designSystemCore()","location":null,"status":"passed","title":"must match designSystemCore()"},{"ancestorTitles":["<Rendering />","Render"],"duration":1,"failureMessages":[],"fullName":"<Rendering /> Render must match productMicrosites()","location":null,"status":"passed","title":"must match productMicrosites()"}],"endTime":1651584429363,"message":"","name":"/Users/mts/PapillonAdsHub/papillonads/packages/components/src/primer/Concept/Rendering/__tests__/Rendering.int.test.js","startTime":1651584427604,"status":"passed","summary":""},{"assertionResults":[{"ancestorTitles":["<Testing />","Render"],"duration":8,"failureMessages":[],"fullName":"<Testing /> Render must match specificationsStandardsGuidelines()","location":null,"status":"passed","title":"must match specificationsStandardsGuidelines()"},{"ancestorTitles":["<Testing />","Render"],"duration":4,"failureMessages":[],"fullName":"<Testing /> Render must match openSourceDependencyProjects()","location":null,"status":"passed","title":"must match openSourceDependencyProjects()"},{"ancestorTitles":["<Testing />","Render"],"duration":1,"failureMessages":[],"fullName":"<Testing /> Render must match designSystemCore()","location":null,"status":"passed","title":"must match designSystemCore()"},{"ancestorTitles":["<Testing />","Render"],"duration":14,"failureMessages":[],"fullName":"<Testing /> Render must match productMicrosites()","location":null,"status":"passed","title":"must match productMicrosites()"}],"endTime":1651584429848,"message":"","name":"/Users/mts/PapillonAdsHub/papillonads/packages/components/src/primer/Concept/Testing/__tests__/Testing.int.test.js","startTime":1651584428019,"status":"passed","summary":""},{"assertionResults":[{"ancestorTitles":["<ApplicationArchitecture />","Render"],"duration":3,"failureMessages":[],"fullName":"<ApplicationArchitecture /> Render must match specificationsStandardsGuidelines()","location":null,"status":"passed","title":"must match specificationsStandardsGuidelines()"},{"ancestorTitles":["<ApplicationArchitecture />","Render"],"duration":4,"failureMessages":[],"fullName":"<ApplicationArchitecture /> Render must match openSourceDependencyProjects()","location":null,"status":"passed","title":"must match openSourceDependencyProjects()"},{"ancestorTitles":["<ApplicationArchitecture />","Render"],"duration":9,"failureMessages":[],"fullName":"<ApplicationArchitecture /> Render must match designSystemCore()","location":null,"status":"passed","title":"must match designSystemCore()"},{"ancestorTitles":["<ApplicationArchitecture />","Render"],"duration":2,"failureMessages":[],"fullName":"<ApplicationArchitecture /> Render must match productMicrosites()","location":null,"status":"passed","title":"must match productMicrosites()"}],"endTime":1651584429868,"message":"","name":"/Users/mts/PapillonAdsHub/papillonads/packages/components/src/primer/Concept/ApplicationArchitecture/__tests__/ApplicationArchitecture.int.test.js","startTime":1651584428126,"status":"passed","summary":""},{"assertionResults":[{"ancestorTitles":["<Microsite />","Render"],"duration":1,"failureMessages":[],"fullName":"<Microsite /> Render must match specificationsStandardsGuidelines()","location":null,"status":"passed","title":"must match specificationsStandardsGuidelines()"},{"ancestorTitles":["<Microsite />","Render"],"duration":6,"failureMessages":[],"fullName":"<Microsite /> Render must match openSourceDependencyProjects()","location":null,"status":"passed","title":"must match openSourceDependencyProjects()"},{"ancestorTitles":["<Microsite />","Render"],"duration":1,"failureMessages":[],"fullName":"<Microsite /> Render must match designSystemCore()","location":null,"status":"passed","title":"must match designSystemCore()"},{"ancestorTitles":["<Microsite />","Render"],"duration":109,"failureMessages":[],"fullName":"<Microsite /> Render must match productMicrosites()","location":null,"status":"passed","title":"must match productMicrosites()"}],"endTime":1651584430295,"message":"","name":"/Users/mts/PapillonAdsHub/papillonads/packages/components/src/primer/Concept/Microsite/__tests__/Microsite.int.test.js","startTime":1651584428419,"status":"passed","summary":""},{"assertionResults":[{"ancestorTitles":["<CrossBrowserCompatibility />","Render"],"duration":21,"failureMessages":[],"fullName":"<CrossBrowserCompatibility /> Render must match specificationsStandardsGuidelines()","location":null,"status":"passed","title":"must match specificationsStandardsGuidelines()"},{"ancestorTitles":["<CrossBrowserCompatibility />","Render"],"duration":2,"failureMessages":[],"fullName":"<CrossBrowserCompatibility /> Render must match openSourceDependencyProjects()","location":null,"status":"passed","title":"must match openSourceDependencyProjects()"},{"ancestorTitles":["<CrossBrowserCompatibility />","Render"],"duration":33,"failureMessages":[],"fullName":"<CrossBrowserCompatibility /> Render must match designSystemCore()","location":null,"status":"passed","title":"must match designSystemCore()"},{"ancestorTitles":["<CrossBrowserCompatibility />","Render"],"duration":65,"failureMessages":[],"fullName":"<CrossBrowserCompatibility /> Render must match productMicrosites()","location":null,"status":"passed","title":"must match productMicrosites()"}],"endTime":1651584430302,"message":"","name":"/Users/mts/PapillonAdsHub/papillonads/packages/components/src/primer/Concept/CrossBrowserCompatibility/__tests__/CrossBrowserCompatibility.int.test.js","startTime":1651584428485,"status":"passed","summary":""},{"assertionResults":[{"ancestorTitles":["<Select />","Event"],"duration":170,"failureMessages":[],"fullName":"<Select /> Event must return new items without index when onChange()","location":null,"status":"passed","title":"must return new items without index when onChange()"},{"ancestorTitles":["<Select />","Render"],"duration":2,"failureMessages":[],"fullName":"<Select /> Render must match regular()","location":null,"status":"passed","title":"must match regular()"},{"ancestorTitles":["<Select />","Render"],"duration":1,"failureMessages":[],"fullName":"<Select /> Render must match inacive()","location":null,"status":"passed","title":"must match inacive()"}],"endTime":1651584430559,"message":"","name":"/Users/mts/PapillonAdsHub/papillonads/packages/components/src/primer/Select/__tests__/Select.int.test.js","startTime":1651584428538,"status":"passed","summary":""},{"assertionResults":[{"ancestorTitles":["<Menu />","Event"],"duration":160,"failureMessages":[],"fullName":"<Menu /> Event must return new items without index when onClick()","location":null,"status":"passed","title":"must return new items without index when onClick()"},{"ancestorTitles":["<Menu />","Render"],"duration":3,"failureMessages":[],"fullName":"<Menu /> Render must match regular()","location":null,"status":"passed","title":"must match regular()"},{"ancestorTitles":["<Menu />","Render"],"duration":2,"failureMessages":[],"fullName":"<Menu /> Render must match withIcons()","location":null,"status":"passed","title":"must match withIcons()"},{"ancestorTitles":["<Menu />","Render"],"duration":2,"failureMessages":[],"fullName":"<Menu /> Render must match withHeading()","location":null,"status":"passed","title":"must match withHeading()"},{"ancestorTitles":["<Menu />","State"],"duration":21,"failureMessages":[],"fullName":"<Menu /> State must reset new items with index when onClick()","location":null,"status":"passed","title":"must reset new items with index when onClick()"}],"endTime":1651584431037,"message":"","name":"/Users/mts/PapillonAdsHub/papillonads/packages/components/src/primer/Navigation/Menu/__tests__/Menu.int.test.js","startTime":1651584429101,"status":"passed","summary":""},{"assertionResults":[{"ancestorTitles":["<DisplayTable />","Render"],"duration":12,"failureMessages":[],"fullName":"<DisplayTable /> Render must match regular()","location":null,"status":"passed","title":"must match regular()"}],"endTime":1651584431253,"message":"","name":"/Users/mts/PapillonAdsHub/papillonads/packages/components/src/primer/Grid/DisplayTable/__tests__/DisplayTable.int.test.js","startTime":1651584429372,"status":"passed","summary":""},{"assertionResults":[{"ancestorTitles":["<Alert />","Render"],"duration":2,"failureMessages":[],"fullName":"<Alert /> Render must match regular()","location":null,"status":"passed","title":"must match regular()"},{"ancestorTitles":["<Alert />","Render"],"duration":2,"failureMessages":[],"fullName":"<Alert /> Render must match regularMultipleParagraphs()","location":null,"status":"passed","title":"must match regularMultipleParagraphs()"},{"ancestorTitles":["<Alert />","Render"],"duration":4,"failureMessages":[],"fullName":"<Alert /> Render must match info()","location":null,"status":"passed","title":"must match info()"},{"ancestorTitles":["<Alert />","Render"],"duration":1,"failureMessages":[],"fullName":"<Alert /> Render must match warning()","location":null,"status":"passed","title":"must match warning()"},{"ancestorTitles":["<Alert />","Render"],"duration":2,"failureMessages":[],"fullName":"<Alert /> Render must match error()","location":null,"status":"passed","title":"must match error()"},{"ancestorTitles":["<Alert />","Render"],"duration":1,"failureMessages":[],"fullName":"<Alert /> Render must match success()","location":null,"status":"passed","title":"must match success()"},{"ancestorTitles":["<Alert />","Render"],"duration":3,"failureMessages":[],"fullName":"<Alert /> Render must match consent()","location":null,"status":"passed","title":"must match consent()"},{"ancestorTitles":["<Alert />","Render"],"duration":3,"failureMessages":[],"fullName":"<Alert /> Render must match consentWithInput()","location":null,"status":"passed","title":"must match consentWithInput()"}],"endTime":1651584431687,"message":"","name":"/Users/mts/PapillonAdsHub/papillonads/packages/components/src/primer/Alert/__tests__/Alert.int.test.js","startTime":1651584430206,"status":"passed","summary":""},{"assertionResults":[{"ancestorTitles":["<Runtime />","Render"],"duration":3,"failureMessages":[],"fullName":"<Runtime /> Render must match specificationsStandardsGuidelines()","location":null,"status":"passed","title":"must match specificationsStandardsGuidelines()"},{"ancestorTitles":["<Runtime />","Render"],"duration":1,"failureMessages":[],"fullName":"<Runtime /> Render must match openSourceDependencyProjects()","location":null,"status":"passed","title":"must match openSourceDependencyProjects()"},{"ancestorTitles":["<Runtime />","Render"],"duration":10,"failureMessages":[],"fullName":"<Runtime /> Render must match designSystemCore()","location":null,"status":"passed","title":"must match designSystemCore()"},{"ancestorTitles":["<Runtime />","Render"],"duration":1,"failureMessages":[],"fullName":"<Runtime /> Render must match productMicrosites()","location":null,"status":"passed","title":"must match productMicrosites()"}],"endTime":1651584431828,"message":"","name":"/Users/mts/PapillonAdsHub/papillonads/packages/components/src/primer/Concept/Runtime/__tests__/Runtime.int.test.js","startTime":1651584430312,"status":"passed","summary":""},{"assertionResults":[{"ancestorTitles":["<Radio />","Event"],"duration":123,"failureMessages":[],"fullName":"<Radio /> Event must handle event when onChange()","location":null,"status":"passed","title":"must handle event when onChange()"},{"ancestorTitles":["<Radio />","Render"],"duration":2,"failureMessages":[],"fullName":"<Radio /> Render must match regular()","location":null,"status":"passed","title":"must match regular()"},{"ancestorTitles":["<Radio />","Render"],"duration":1,"failureMessages":[],"fullName":"<Radio /> Render must match inactive()","location":null,"status":"passed","title":"must match inactive()"}],"endTime":1651584431907,"message":"","name":"/Users/mts/PapillonAdsHub/papillonads/packages/components/src/primer/Form/Radio/__tests__/Radio.int.test.js","startTime":1651584430303,"status":"passed","summary":""},{"assertionResults":[{"ancestorTitles":["<Button />","Event"],"duration":293,"failureMessages":[],"fullName":"<Button /> Event must call onClick() when isDismissable","location":null,"status":"passed","title":"must call onClick() when isDismissable"},{"ancestorTitles":["<Button />","Render"],"duration":2,"failureMessages":[],"fullName":"<Button /> Render must match info()","location":null,"status":"passed","title":"must match info()"},{"ancestorTitles":["<Button />","Render"],"duration":1,"failureMessages":[],"fullName":"<Button /> Render must match success()","location":null,"status":"passed","title":"must match success()"},{"ancestorTitles":["<Button />","Render"],"duration":1,"failureMessages":[],"fullName":"<Button /> Render must match warning()","location":null,"status":"passed","title":"must match warning()"},{"ancestorTitles":["<Button />","Render"],"duration":1,"failureMessages":[],"fullName":"<Button /> Render must match error()","location":null,"status":"passed","title":"must match error()"},{"ancestorTitles":["<Button />","Render"],"duration":2,"failureMessages":[],"fullName":"<Button /> Render must match dismissable()","location":null,"status":"passed","title":"must match dismissable()"}],"endTime":1651584431927,"message":"","name":"/Users/mts/PapillonAdsHub/papillonads/packages/components/src/primer/Toast/__tests__/Toast.int.test.js","startTime":1651584430186,"status":"passed","summary":""},{"assertionResults":[{"ancestorTitles":["<Accessibility />","Render"],"duration":3,"failureMessages":[],"fullName":"<Accessibility /> Render must match specificationsStandardsGuidelines()","location":null,"status":"passed","title":"must match specificationsStandardsGuidelines()"},{"ancestorTitles":["<Accessibility />","Render"],"duration":2,"failureMessages":[],"fullName":"<Accessibility /> Render must match openSourceDependencyProjects()","location":null,"status":"passed","title":"must match openSourceDependencyProjects()"},{"ancestorTitles":["<Accessibility />","Render"],"duration":2,"failureMessages":[],"fullName":"<Accessibility /> Render must match designSystemCore()","location":null,"status":"passed","title":"must match designSystemCore()"},{"ancestorTitles":["<Accessibility />","Render"],"duration":1,"failureMessages":[],"fullName":"<Accessibility /> Render must match productMicrosites()","location":null,"status":"passed","title":"must match productMicrosites()"}],"endTime":1651584431994,"message":"","name":"/Users/mts/PapillonAdsHub/papillonads/packages/components/src/primer/Concept/Accessibility/__tests__/Accessibility.int.test.js","startTime":1651584430604,"status":"passed","summary":""},{"assertionResults":[{"ancestorTitles":["index","constants"],"duration":1,"failureMessages":[],"fullName":"index constants must return all sort constants","location":null,"status":"passed","title":"must return all sort constants"},{"ancestorTitles":["index","getSort()"],"duration":1,"failureMessages":[],"fullName":"index getSort() must return newSort with sortDefault order when currentSort equals sortDefault","location":null,"status":"passed","title":"must return newSort with sortDefault order when currentSort equals sortDefault"},{"ancestorTitles":["index","getSort()"],"duration":0,"failureMessages":[],"fullName":"index getSort() must return newSort with order reversed from ascending to descending when currentSort index equals newSort index","location":null,"status":"passed","title":"must return newSort with order reversed from ascending to descending when currentSort index equals newSort index"},{"ancestorTitles":["index","getSort()"],"duration":0,"failureMessages":[],"fullName":"index getSort() must return newSort with order reversed from descending to ascending when currentSort index equals newSort index","location":null,"status":"passed","title":"must return newSort with order reversed from descending to ascending when currentSort index equals newSort index"},{"ancestorTitles":["index","getSort()"],"duration":1,"failureMessages":[],"fullName":"index getSort() must return newSort with sortDefault order when currentSort not equal sortDefault and currentSort index not equal newSort index","location":null,"status":"passed","title":"must return newSort with sortDefault order when currentSort not equal sortDefault and currentSort index not equal newSort index"}],"endTime":1651584432109,"message":"","name":"/Users/mts/PapillonAdsHub/papillonads/packages/library/src/sort/__tests__/index.test.js","startTime":1651584431288,"status":"passed","summary":""},{"assertionResults":[{"ancestorTitles":["<Input />","Event"],"duration":50,"failureMessages":[],"fullName":"<Input /> Event must handle event when onChange()","location":null,"status":"passed","title":"must handle event when onChange()"},{"ancestorTitles":["<Input />","Event"],"duration":4,"failureMessages":[],"fullName":"<Input /> Event must handle event when onKeyUp()","location":null,"status":"passed","title":"must handle event when onKeyUp()"},{"ancestorTitles":["<Input />","Event"],"duration":4,"failureMessages":[],"fullName":"<Input /> Event must handle event when onFocus()","location":null,"status":"passed","title":"must handle event when onFocus()"},{"ancestorTitles":["<Input />","Event"],"duration":4,"failureMessages":[],"fullName":"<Input /> Event must handle event when onBlur()","location":null,"status":"passed","title":"must handle event when onBlur()"},{"ancestorTitles":["<Input />","Render"],"duration":1,"failureMessages":[],"fullName":"<Input /> Render must match regular()","location":null,"status":"passed","title":"must match regular()"},{"ancestorTitles":["<Input />","Render"],"duration":2,"failureMessages":[],"fullName":"<Input /> Render must match inactive()","location":null,"status":"passed","title":"must match inactive()"}],"endTime":1651584432233,"message":"","name":"/Users/mts/PapillonAdsHub/papillonads/packages/components/src/primer/Form/Input/__tests__/Input.int.test.js","startTime":1651584431094,"status":"passed","summary":""},{"assertionResults":[{"ancestorTitles":["<Bootstrap />","Render"],"duration":2,"failureMessages":[],"fullName":"<Bootstrap /> Render must match specificationsStandardsGuidelines()","location":null,"status":"passed","title":"must match specificationsStandardsGuidelines()"},{"ancestorTitles":["<Bootstrap />","Render"],"duration":1,"failureMessages":[],"fullName":"<Bootstrap /> Render must match openSourceDependencyProjects()","location":null,"status":"passed","title":"must match openSourceDependencyProjects()"},{"ancestorTitles":["<Bootstrap />","Render"],"duration":1,"failureMessages":[],"fullName":"<Bootstrap /> Render must match designSystemCore()","location":null,"status":"passed","title":"must match designSystemCore()"},{"ancestorTitles":["<Bootstrap />","Render"],"duration":5,"failureMessages":[],"fullName":"<Bootstrap /> Render must match productMicrosites()","location":null,"status":"passed","title":"must match productMicrosites()"}],"endTime":1651584432891,"message":"","name":"/Users/mts/PapillonAdsHub/papillonads/packages/components/src/primer/Concept/Bootstrap/__tests__/Bootstrap.int.test.js","startTime":1651584432241,"status":"passed","summary":""},{"assertionResults":[{"ancestorTitles":["index","getRandomBoolean()"],"duration":1,"failureMessages":[],"fullName":"index getRandomBoolean() must return true when Math.random() return value is greater than 0.5","location":null,"status":"passed","title":"must return true when Math.random() return value is greater than 0.5"},{"ancestorTitles":["index","getRandomBoolean()"],"duration":0,"failureMessages":[],"fullName":"index getRandomBoolean() must return true when Math.random() return value is less than 0.5","location":null,"status":"passed","title":"must return true when Math.random() return value is less than 0.5"}],"endTime":1651584433061,"message":"","name":"/Users/mts/PapillonAdsHub/papillonads/packages/library/src/boolean/__tests__/index.test.js","startTime":1651584432396,"status":"passed","summary":""},{"assertionResults":[{"ancestorTitles":["index","getAppMockStore()"],"duration":1,"failureMessages":[],"fullName":"index getAppMockStore() must return a store with custom data when custom data provided","location":null,"status":"passed","title":"must return a store with custom data when custom data provided"}],"endTime":1651584433164,"message":"","name":"/Users/mts/PapillonAdsHub/papillonads/packages/library/src/store/mock/__tests__/index.test.js","startTime":1651584432506,"status":"passed","summary":""},{"assertionResults":[{"ancestorTitles":["<SelectMenu />","Event"],"duration":445,"failureMessages":[],"fullName":"<SelectMenu /> Event must return new items without index when onClick()","location":null,"status":"passed","title":"must return new items without index when onClick()"},{"ancestorTitles":["<SelectMenu />","Render"],"duration":4,"failureMessages":[],"fullName":"<SelectMenu /> Render must match regular()","location":null,"status":"passed","title":"must match regular()"},{"ancestorTitles":["<SelectMenu />","State"],"duration":13,"failureMessages":[],"fullName":"<SelectMenu /> State must reset new items with index when onClick()","location":null,"status":"passed","title":"must reset new items with index when onClick()"}],"endTime":1651584432934,"message":"","name":"/Users/mts/PapillonAdsHub/papillonads/packages/components/src/primer/SelectMenu/__tests__/SelectMenu.int.test.js","startTime":1651584431717,"status":"passed","summary":""},{"assertionResults":[{"ancestorTitles":["<Dropdown />","Event"],"duration":252,"failureMessages":[],"fullName":"<Dropdown /> Event must return new items without index when onClick()","location":null,"status":"passed","title":"must return new items without index when onClick()"},{"ancestorTitles":["<Dropdown />","Render"],"duration":3,"failureMessages":[],"fullName":"<Dropdown /> Render must match regular()","location":null,"status":"passed","title":"must match regular()"},{"ancestorTitles":["<Dropdown />","Render"],"duration":2,"failureMessages":[],"fullName":"<Dropdown /> Render must match inacive()","location":null,"status":"passed","title":"must match inacive()"}],"endTime":1651584433023,"message":"","name":"/Users/mts/PapillonAdsHub/papillonads/packages/components/src/primer/Dropdown/__tests__/Dropdown.int.test.js","startTime":1651584431943,"status":"passed","summary":""},{"assertionResults":[{"ancestorTitles":["<ComponentDrivenDevelopment />","Render"],"duration":4,"failureMessages":[],"fullName":"<ComponentDrivenDevelopment /> Render must match specificationsStandardsGuidelines()","location":null,"status":"passed","title":"must match specificationsStandardsGuidelines()"},{"ancestorTitles":["<ComponentDrivenDevelopment />","Render"],"duration":1,"failureMessages":[],"fullName":"<ComponentDrivenDevelopment /> Render must match openSourceDependencyProjects()","location":null,"status":"passed","title":"must match openSourceDependencyProjects()"},{"ancestorTitles":["<ComponentDrivenDevelopment />","Render"],"duration":1,"failureMessages":[],"fullName":"<ComponentDrivenDevelopment /> Render must match designSystemCore()","location":null,"status":"passed","title":"must match designSystemCore()"},{"ancestorTitles":["<ComponentDrivenDevelopment />","Render"],"duration":0,"failureMessages":[],"fullName":"<ComponentDrivenDevelopment /> Render must match productMicrosites()","location":null,"status":"passed","title":"must match productMicrosites()"}],"endTime":1651584433377,"message":"","name":"/Users/mts/PapillonAdsHub/papillonads/packages/components/src/primer/Concept/ComponentDrivenDevelopment/__tests__/ComponentDrivenDevelopment.int.test.js","startTime":1651584432541,"status":"passed","summary":""},{"assertionResults":[{"ancestorTitles":["<ContinuousIntegration />","Render"],"duration":3,"failureMessages":[],"fullName":"<ContinuousIntegration /> Render must match specificationsStandardsGuidelines()","location":null,"status":"passed","title":"must match specificationsStandardsGuidelines()"},{"ancestorTitles":["<ContinuousIntegration />","Render"],"duration":1,"failureMessages":[],"fullName":"<ContinuousIntegration /> Render must match openSourceDependencyProjects()","location":null,"status":"passed","title":"must match openSourceDependencyProjects()"},{"ancestorTitles":["<ContinuousIntegration />","Render"],"duration":1,"failureMessages":[],"fullName":"<ContinuousIntegration /> Render must match designSystemCore()","location":null,"status":"passed","title":"must match designSystemCore()"},{"ancestorTitles":["<ContinuousIntegration />","Render"],"duration":1,"failureMessages":[],"fullName":"<ContinuousIntegration /> Render must match productMicrosites()","location":null,"status":"passed","title":"must match productMicrosites()"}],"endTime":1651584433663,"message":"","name":"/Users/mts/PapillonAdsHub/papillonads/packages/components/src/primer/Concept/ContinuousIntegration/__tests__/ContinuousIntegration.int.test.js","startTime":1651584433043,"status":"passed","summary":""},{"assertionResults":[{"ancestorTitles":["index","getCurrentIndex()"],"duration":0,"failureMessages":[],"fullName":"index getCurrentIndex() must return current item index when there is a current item","location":null,"status":"passed","title":"must return current item index when there is a current item"},{"ancestorTitles":["index","getCurrentIndex()"],"duration":0,"failureMessages":[],"fullName":"index getCurrentIndex() must return -1 when there is no current item","location":null,"status":"passed","title":"must return -1 when there is no current item"},{"ancestorTitles":["index","getCurrentIndex()"],"duration":0,"failureMessages":[],"fullName":"index getCurrentIndex() must return -1 when there are no index items","location":null,"status":"passed","title":"must return -1 when there are no index items"},{"ancestorTitles":["index","getIndexItems()"],"duration":1,"failureMessages":[],"fullName":"index getIndexItems() must return items with index when there are items","location":null,"status":"passed","title":"must return items with index when there are items"},{"ancestorTitles":["index","getIndexItems()"],"duration":1,"failureMessages":[],"fullName":"index getIndexItems() must return empty array when items are empty","location":null,"status":"passed","title":"must return empty array when items are empty"},{"ancestorTitles":["index","getIndexItems()"],"duration":0,"failureMessages":[],"fullName":"index getIndexItems() must return empty array when there are no items","location":null,"status":"passed","title":"must return empty array when there are no items"},{"ancestorTitles":["index","getIndexItemsWithSelected()"],"duration":1,"failureMessages":[],"fullName":"index getIndexItemsWithSelected() must return index items with selected when there are items","location":null,"status":"passed","title":"must return index items with selected when there are items"},{"ancestorTitles":["index","getIndexItemsWithSelected()"],"duration":0,"failureMessages":[],"fullName":"index getIndexItemsWithSelected() must return empty array when items are empty","location":null,"status":"passed","title":"must return empty array when items are empty"},{"ancestorTitles":["index","getIndexItemsWithSelected()"],"duration":0,"failureMessages":[],"fullName":"index getIndexItemsWithSelected() must return empty array when there are no items","location":null,"status":"passed","title":"must return empty array when there are no items"},{"ancestorTitles":["index","getRandomItemFromArray()"],"duration":1,"failureMessages":[],"fullName":"index getRandomItemFromArray() must return random item from array when array has items","location":null,"status":"passed","title":"must return random item from array when array has items"},{"ancestorTitles":["index","getRandomItemFromArray()"],"duration":1,"failureMessages":[],"fullName":"index getRandomItemFromArray() must return undefined when array has no items","location":null,"status":"passed","title":"must return undefined when array has no items"},{"ancestorTitles":["index","getRange()"],"duration":0,"failureMessages":[],"fullName":"index getRange() must return range without index seed and without value seed","location":null,"status":"passed","title":"must return range without index seed and without value seed"},{"ancestorTitles":["index","getRange()"],"duration":1,"failureMessages":[],"fullName":"index getRange() must return range with index seed and without value seed","location":null,"status":"passed","title":"must return range with index seed and without value seed"},{"ancestorTitles":["index","getRange()"],"duration":0,"failureMessages":[],"fullName":"index getRange() must return range without index seed and with value seed","location":null,"status":"passed","title":"must return range without index seed and with value seed"},{"ancestorTitles":["index","getRange()"],"duration":0,"failureMessages":[],"fullName":"index getRange() must return range with index seed and with value seed","location":null,"status":"passed","title":"must return range with index seed and with value seed"}],"endTime":1651584433615,"message":"","name":"/Users/mts/PapillonAdsHub/papillonads/packages/library/src/array/__tests__/index.test.js","startTime":1651584433150,"status":"passed","summary":""},{"assertionResults":[{"ancestorTitles":["index","getCapizalizedString()"],"duration":1,"failureMessages":[],"fullName":"index getCapizalizedString() must return a capitalized string","location":null,"status":"passed","title":"must return a capitalized string"}],"endTime":1651584434174,"message":"","name":"/Users/mts/PapillonAdsHub/papillonads/packages/library/src/string/__tests__/index.test.js","startTime":1651584433699,"status":"passed","summary":""},{"assertionResults":[{"ancestorTitles":["<Breadcrumb />","Event"],"duration":45,"failureMessages":[],"fullName":"<Breadcrumb /> Event must return new items without index when onClick()","location":null,"status":"passed","title":"must return new items without index when onClick()"},{"ancestorTitles":["<Breadcrumb />","Render"],"duration":2,"failureMessages":[],"fullName":"<Breadcrumb /> Render must match regular()","location":null,"status":"passed","title":"must match regular()"},{"ancestorTitles":["<Breadcrumb />","Render"],"duration":1,"failureMessages":[],"fullName":"<Breadcrumb /> Render must match inactive()","location":null,"status":"passed","title":"must match inactive()"}],"endTime":1651584433879,"message":"","name":"/Users/mts/PapillonAdsHub/papillonads/packages/components/src/primer/Breadcrumb/__tests__/Breadcrumb.int.test.js","startTime":1651584433189,"status":"passed","summary":""},{"assertionResults":[{"ancestorTitles":["<PreviousNext />","Event"],"duration":103,"failureMessages":[],"fullName":"<PreviousNext /> Event must return new items without index when previous onClick()","location":null,"status":"passed","title":"must return new items without index when previous onClick()"},{"ancestorTitles":["<PreviousNext />","Event"],"duration":5,"failureMessages":[],"fullName":"<PreviousNext /> Event must return new items without index when next onClick()","location":null,"status":"passed","title":"must return new items without index when next onClick()"},{"ancestorTitles":["<PreviousNext />","Render"],"duration":3,"failureMessages":[],"fullName":"<PreviousNext /> Render must match regular()","location":null,"status":"passed","title":"must match regular()"},{"ancestorTitles":["<PreviousNext />","Render"],"duration":2,"failureMessages":[],"fullName":"<PreviousNext /> Render must match inactive()","location":null,"status":"passed","title":"must match inactive()"}],"endTime":1651584434053,"message":"","name":"/Users/mts/PapillonAdsHub/papillonads/packages/components/src/primer/Pagination/PreviousNext/__tests__/PreviousNext.int.test.js","startTime":1651584433293,"status":"passed","summary":""},{"assertionResults":[{"ancestorTitles":["index","isBrowser"],"duration":4,"failureMessages":[],"fullName":"index isBrowser must return true when there is a window object","location":null,"status":"passed","title":"must return true when there is a window object"},{"ancestorTitles":["index","isBrowser"],"duration":1,"failureMessages":[],"fullName":"index isBrowser must return false when there is no window object","location":null,"status":"passed","title":"must return false when there is no window object"}],"endTime":1651584434477,"message":"","name":"/Users/mts/PapillonAdsHub/papillonads/packages/library/src/browser/__tests__/index.test.js","startTime":1651584433894,"status":"passed","summary":""},{"assertionResults":[{"ancestorTitles":["index","constants"],"duration":0,"failureMessages":[],"fullName":"index constants must return all pagination constants","location":null,"status":"passed","title":"must return all pagination constants"},{"ancestorTitles":["index","paginate()"],"duration":0,"failureMessages":[],"fullName":"index paginate() must paginate array with page size and return items of given page number","location":null,"status":"passed","title":"must paginate array with page size and return items of given page number"},{"ancestorTitles":["index","setNewIndexItemsOnMove()"],"duration":1,"failureMessages":[],"fullName":"index setNewIndexItemsOnMove() must not be able to move backwards when at start","location":null,"status":"passed","title":"must not be able to move backwards when at start"},{"ancestorTitles":["index","setNewIndexItemsOnMove()"],"duration":0,"failureMessages":[],"fullName":"index setNewIndexItemsOnMove() must be able to move forward when at start","location":null,"status":"passed","title":"must be able to move forward when at start"},{"ancestorTitles":["index","setNewIndexItemsOnMove()"],"duration":1,"failureMessages":[],"fullName":"index setNewIndexItemsOnMove() must not be able to move forward when at end","location":null,"status":"passed","title":"must not be able to move forward when at end"},{"ancestorTitles":["index","setNewIndexItemsOnMove()"],"duration":0,"failureMessages":[],"fullName":"index setNewIndexItemsOnMove() must be able to move backwards when at end","location":null,"status":"passed","title":"must be able to move backwards when at end"}],"endTime":1651584434535,"message":"","name":"/Users/mts/PapillonAdsHub/papillonads/packages/library/src/pagination/__tests__/index.test.js","startTime":1651584433952,"status":"passed","summary":""},{"assertionResults":[{"ancestorTitles":["<ContinuousDelivery />","Render"],"duration":1,"failureMessages":[],"fullName":"<ContinuousDelivery /> Render must match specificationsStandardsGuidelines()","location":null,"status":"passed","title":"must match specificationsStandardsGuidelines()"},{"ancestorTitles":["<ContinuousDelivery />","Render"],"duration":1,"failureMessages":[],"fullName":"<ContinuousDelivery /> Render must match openSourceDependencyProjects()","location":null,"status":"passed","title":"must match openSourceDependencyProjects()"},{"ancestorTitles":["<ContinuousDelivery />","Render"],"duration":1,"failureMessages":[],"fullName":"<ContinuousDelivery /> Render must match designSystemCore()","location":null,"status":"passed","title":"must match designSystemCore()"},{"ancestorTitles":["<ContinuousDelivery />","Render"],"duration":1,"failureMessages":[],"fullName":"<ContinuousDelivery /> Render must match productMicrosites()","location":null,"status":"passed","title":"must match productMicrosites()"}],"endTime":1651584434645,"message":"","name":"/Users/mts/PapillonAdsHub/papillonads/packages/components/src/primer/Concept/ContinuousDelivery/__tests__/ContinuousDelivery.int.test.js","startTime":1651584433943,"status":"passed","summary":""},{"assertionResults":[{"ancestorTitles":["<Monorepo />","Render"],"duration":1,"failureMessages":[],"fullName":"<Monorepo /> Render must match specificationsStandardsGuidelines()","location":null,"status":"passed","title":"must match specificationsStandardsGuidelines()"},{"ancestorTitles":["<Monorepo />","Render"],"duration":1,"failureMessages":[],"fullName":"<Monorepo /> Render must match openSourceDependencyProjects()","location":null,"status":"passed","title":"must match openSourceDependencyProjects()"},{"ancestorTitles":["<Monorepo />","Render"],"duration":1,"failureMessages":[],"fullName":"<Monorepo /> Render must match designSystemCore()","location":null,"status":"passed","title":"must match designSystemCore()"},{"ancestorTitles":["<Monorepo />","Render"],"duration":1,"failureMessages":[],"fullName":"<Monorepo /> Render must match productMicrosites()","location":null,"status":"passed","title":"must match productMicrosites()"}],"endTime":1651584434766,"message":"","name":"/Users/mts/PapillonAdsHub/papillonads/packages/components/src/primer/Concept/Monorepo/__tests__/Monorepo.int.test.js","startTime":1651584434202,"status":"passed","summary":""},{"assertionResults":[{"ancestorTitles":["<Checkbox />","Event"],"duration":47,"failureMessages":[],"fullName":"<Checkbox /> Event must handle event when onChange()","location":null,"status":"passed","title":"must handle event when onChange()"},{"ancestorTitles":["<Checkbox />","Render"],"duration":1,"failureMessages":[],"fullName":"<Checkbox /> Render must match isChecked()","location":null,"status":"passed","title":"must match isChecked()"},{"ancestorTitles":["<Checkbox />","Render"],"duration":1,"failureMessages":[],"fullName":"<Checkbox /> Render must match isCheckedInactive()","location":null,"status":"passed","title":"must match isCheckedInactive()"},{"ancestorTitles":["<Checkbox />","Render"],"duration":1,"failureMessages":[],"fullName":"<Checkbox /> Render must match isNotChecked()","location":null,"status":"passed","title":"must match isNotChecked()"},{"ancestorTitles":["<Checkbox />","Render"],"duration":1,"failureMessages":[],"fullName":"<Checkbox /> Render must match isNotCheckedInactive()","location":null,"status":"passed","title":"must match isNotCheckedInactive()"}],"endTime":1651584434949,"message":"","name":"/Users/mts/PapillonAdsHub/papillonads/packages/components/src/primer/Form/Checkbox/__tests__/Checkbox.int.test.js","startTime":1651584434247,"status":"passed","summary":""},{"assertionResults":[{"ancestorTitles":["<Loader />","Render"],"duration":1,"failureMessages":[],"fullName":"<Loader /> Render must match heading()","location":null,"status":"passed","title":"must match heading()"},{"ancestorTitles":["<Loader />","Render"],"duration":1,"failureMessages":[],"fullName":"<Loader /> Render must match text()","location":null,"status":"passed","title":"must match text()"},{"ancestorTitles":["<Loader />","Render"],"duration":1,"failureMessages":[],"fullName":"<Loader /> Render must match label()","location":null,"status":"passed","title":"must match label()"},{"ancestorTitles":["<Loader />","Render"],"duration":1,"failureMessages":[],"fullName":"<Loader /> Render must match button()","location":null,"status":"passed","title":"must match button()"}],"endTime":1651584435338,"message":"","name":"/Users/mts/PapillonAdsHub/papillonads/packages/components/src/primer/Loader/__tests__/Loader.int.test.js","startTime":1651584434743,"status":"passed","summary":""},{"assertionResults":[{"ancestorTitles":["<Language />","Render"],"duration":2,"failureMessages":[],"fullName":"<Language /> Render must match specificationsStandardsGuidelines()","location":null,"status":"passed","title":"must match specificationsStandardsGuidelines()"},{"ancestorTitles":["<Language />","Render"],"duration":1,"failureMessages":[],"fullName":"<Language /> Render must match openSourceDependencyProjects()","location":null,"status":"passed","title":"must match openSourceDependencyProjects()"},{"ancestorTitles":["<Language />","Render"],"duration":1,"failureMessages":[],"fullName":"<Language /> Render must match designSystemCore()","location":null,"status":"passed","title":"must match designSystemCore()"},{"ancestorTitles":["<Language />","Render"],"duration":1,"failureMessages":[],"fullName":"<Language /> Render must match productMicrosites()","location":null,"status":"passed","title":"must match productMicrosites()"}],"endTime":1651584435392,"message":"","name":"/Users/mts/PapillonAdsHub/papillonads/packages/components/src/primer/Concept/Language/__tests__/Language.int.test.js","startTime":1651584434853,"status":"passed","summary":""}],"wasInterrupted":false}