{"numFailedTestSuites":0,"numFailedTests":0,"numPassedTestSuites":52,"numPassedTests":238,"numPendingTestSuites":0,"numPendingTests":0,"numRuntimeErrorTestSuites":0,"numTodoTests":0,"numTotalTestSuites":52,"numTotalTests":238,"openHandles":[],"snapshot":{"added":0,"didUpdate":false,"failure":true,"filesAdded":0,"filesRemoved":29,"filesRemovedList":["/Users/mts/PapillonAdsHub/papillonads/packages/components/build/primer/Pagination/PreviousNext/__tests__/__snapshots__/PreviousNext.int.test.js.snap","/Users/mts/PapillonAdsHub/papillonads/packages/components/build/primer/Navigation/UnderlineNav/__tests__/__snapshots__/UnderlineNav.int.test.js.snap","/Users/mts/PapillonAdsHub/papillonads/packages/components/build/primer/Navigation/TabNav/__tests__/__snapshots__/TabNav.int.test.js.snap","/Users/mts/PapillonAdsHub/papillonads/packages/components/build/primer/Navigation/Menu/__tests__/__snapshots__/Menu.int.test.js.snap","/Users/mts/PapillonAdsHub/papillonads/packages/components/build/primer/Grid/FlexGrid/__tests__/__snapshots__/FlexGrid.int.test.js.snap","/Users/mts/PapillonAdsHub/papillonads/packages/components/build/primer/Grid/DisplayTable/__tests__/__snapshots__/DisplayTable.int.test.js.snap","/Users/mts/PapillonAdsHub/papillonads/packages/components/build/primer/Form/Radio/__tests__/__snapshots__/Radio.int.test.js.snap","/Users/mts/PapillonAdsHub/papillonads/packages/components/build/primer/Form/Input/__tests__/__snapshots__/Input.int.test.js.snap","/Users/mts/PapillonAdsHub/papillonads/packages/components/build/primer/Form/Checkbox/__tests__/__snapshots__/Checkbox.int.test.js.snap","/Users/mts/PapillonAdsHub/papillonads/packages/components/build/primer/Concept/VersionControl/__tests__/__snapshots__/VersionControl.int.test.js.snap","/Users/mts/PapillonAdsHub/papillonads/packages/components/build/primer/Concept/Testing/__tests__/__snapshots__/Testing.int.test.js.snap","/Users/mts/PapillonAdsHub/papillonads/packages/components/build/primer/Concept/Runtime/__tests__/__snapshots__/Runtime.int.test.js.snap","/Users/mts/PapillonAdsHub/papillonads/packages/components/build/primer/Concept/Routing/__tests__/__snapshots__/Routing.int.test.js.snap","/Users/mts/PapillonAdsHub/papillonads/packages/components/build/primer/Concept/Rendering/__tests__/__snapshots__/Rendering.int.test.js.snap","/Users/mts/PapillonAdsHub/papillonads/packages/components/build/primer/Concept/Monorepo/__tests__/__snapshots__/Monorepo.int.test.js.snap","/Users/mts/PapillonAdsHub/papillonads/packages/components/build/primer/Concept/Microsite/__tests__/__snapshots__/Microsite.int.test.js.snap","/Users/mts/PapillonAdsHub/papillonads/packages/components/build/primer/Concept/LocalDevelopment/__tests__/__snapshots__/LocalDevelopment.int.test.js.snap","/Users/mts/PapillonAdsHub/papillonads/packages/components/build/primer/Concept/Language/__tests__/__snapshots__/Language.int.test.js.snap","/Users/mts/PapillonAdsHub/papillonads/packages/components/build/primer/Concept/CrossBrowserCompatibility/__tests__/__snapshots__/CrossBrowserCompatibility.int.test.js.snap","/Users/mts/PapillonAdsHub/papillonads/packages/components/build/primer/Concept/ContinuousIntegration/__tests__/__snapshots__/ContinuousIntegration.int.test.js.snap","/Users/mts/PapillonAdsHub/papillonads/packages/components/build/primer/Concept/ContinuousDelivery/__tests__/__snapshots__/ContinuousDelivery.int.test.js.snap","/Users/mts/PapillonAdsHub/papillonads/packages/components/build/primer/Concept/ComponentDrivenDevelopment/__tests__/__snapshots__/ComponentDrivenDevelopment.int.test.js.snap","/Users/mts/PapillonAdsHub/papillonads/packages/components/build/primer/Concept/ComponentDesign/__tests__/__snapshots__/ComponentDesign.int.test.js.snap","/Users/mts/PapillonAdsHub/papillonads/packages/components/build/primer/Concept/Compiling/__tests__/__snapshots__/Compiling.int.test.js.snap","/Users/mts/PapillonAdsHub/papillonads/packages/components/build/primer/Concept/CodeStyle/__tests__/__snapshots__/CodeStyle.int.test.js.snap","/Users/mts/PapillonAdsHub/papillonads/packages/components/build/primer/Concept/CSSArchitecture/__tests__/__snapshots__/CSSArchitecture.int.test.js.snap","/Users/mts/PapillonAdsHub/papillonads/packages/components/build/primer/Concept/Bootstrap/__tests__/__snapshots__/Bootstrap.int.test.js.snap","/Users/mts/PapillonAdsHub/papillonads/packages/components/build/primer/Concept/ApplicationArchitecture/__tests__/__snapshots__/ApplicationArchitecture.int.test.js.snap","/Users/mts/PapillonAdsHub/papillonads/packages/components/build/primer/Concept/Accessibility/__tests__/__snapshots__/Accessibility.int.test.js.snap"],"filesUnmatched":0,"filesUpdated":0,"matched":206,"total":206,"unchecked":0,"uncheckedKeysByFile":[],"unmatched":0,"updated":0},"startTime":1655361895377,"success":false,"testResults":[{"assertionResults":[{"ancestorTitles":["<NotFoundPage />","Snaphot"],"duration":162,"failureMessages":[],"fullName":"<NotFoundPage /> Snaphot must match asyncRender","location":null,"status":"passed","title":"must match asyncRender"},{"ancestorTitles":["<NotFoundPage />","Snaphot"],"duration":85,"failureMessages":[],"fullName":"<NotFoundPage /> Snaphot must match defaultRender","location":null,"status":"passed","title":"must match defaultRender"}],"endTime":1655361902750,"message":"","name":"/Users/mts/PapillonAdsHub/papillonads/packages/styleguide/src/pattern/page/NotFoundPage/__tests__/NotFoundPage.int.test.js","startTime":1655361896821,"status":"passed","summary":""},{"assertionResults":[{"ancestorTitles":["<CodeStyle />","Render"],"duration":75,"failureMessages":[],"fullName":"<CodeStyle /> Render must match specificationsStandardsGuidelines()","location":null,"status":"passed","title":"must match specificationsStandardsGuidelines()"},{"ancestorTitles":["<CodeStyle />","Render"],"duration":54,"failureMessages":[],"fullName":"<CodeStyle /> Render must match openSourceDependencyProjects()","location":null,"status":"passed","title":"must match openSourceDependencyProjects()"},{"ancestorTitles":["<CodeStyle />","Render"],"duration":16,"failureMessages":[],"fullName":"<CodeStyle /> Render must match designSystemCore()","location":null,"status":"passed","title":"must match designSystemCore()"},{"ancestorTitles":["<CodeStyle />","Render"],"duration":27,"failureMessages":[],"fullName":"<CodeStyle /> Render must match productMicrosites()","location":null,"status":"passed","title":"must match productMicrosites()"}],"endTime":1655361903465,"message":"","name":"/Users/mts/PapillonAdsHub/papillonads/packages/components/src/primer/Concept/CodeStyle/__tests__/CodeStyle.int.test.js","startTime":1655361896760,"status":"passed","summary":""},{"assertionResults":[{"ancestorTitles":["<Popover />","Render"],"duration":62,"failureMessages":[],"fullName":"<Popover /> Render must match regular()","location":null,"status":"passed","title":"must match regular()"},{"ancestorTitles":["<Popover />","Render"],"duration":10,"failureMessages":[],"fullName":"<Popover /> Render must match regularLarge()","location":null,"status":"passed","title":"must match regularLarge()"},{"ancestorTitles":["<Popover />","Render"],"duration":5,"failureMessages":[],"fullName":"<Popover /> Render must match bottom()","location":null,"status":"passed","title":"must match bottom()"},{"ancestorTitles":["<Popover />","Render"],"duration":17,"failureMessages":[],"fullName":"<Popover /> Render must match bottomRight()","location":null,"status":"passed","title":"must match bottomRight()"},{"ancestorTitles":["<Popover />","Render"],"duration":5,"failureMessages":[],"fullName":"<Popover /> Render must match bottomLeft()","location":null,"status":"passed","title":"must match bottomLeft()"},{"ancestorTitles":["<Popover />","Render"],"duration":16,"failureMessages":[],"fullName":"<Popover /> Render must match left()","location":null,"status":"passed","title":"must match left()"},{"ancestorTitles":["<Popover />","Render"],"duration":6,"failureMessages":[],"fullName":"<Popover /> Render must match leftBottom()","location":null,"status":"passed","title":"must match leftBottom()"},{"ancestorTitles":["<Popover />","Render"],"duration":16,"failureMessages":[],"fullName":"<Popover /> Render must match leftTop()","location":null,"status":"passed","title":"must match leftTop()"},{"ancestorTitles":["<Popover />","Render"],"duration":10,"failureMessages":[],"fullName":"<Popover /> Render must match right()","location":null,"status":"passed","title":"must match right()"},{"ancestorTitles":["<Popover />","Render"],"duration":7,"failureMessages":[],"fullName":"<Popover /> Render must match rightBottom()","location":null,"status":"passed","title":"must match rightBottom()"},{"ancestorTitles":["<Popover />","Render"],"duration":25,"failureMessages":[],"fullName":"<Popover /> Render must match rightTop()","location":null,"status":"passed","title":"must match rightTop()"},{"ancestorTitles":["<Popover />","Render"],"duration":4,"failureMessages":[],"fullName":"<Popover /> Render must match topLeft()","location":null,"status":"passed","title":"must match topLeft()"},{"ancestorTitles":["<Popover />","Render"],"duration":31,"failureMessages":[],"fullName":"<Popover /> Render must match topRight()","location":null,"status":"passed","title":"must match topRight()"}],"endTime":1655361903574,"message":"","name":"/Users/mts/PapillonAdsHub/papillonads/packages/components/src/primer/Popover/__tests__/Popover.int.test.js","startTime":1655361896760,"status":"passed","summary":""},{"assertionResults":[{"ancestorTitles":["<TabNav />","Render"],"duration":66,"failureMessages":[],"fullName":"<TabNav /> Render must match regular()","location":null,"status":"passed","title":"must match regular()"},{"ancestorTitles":["<TabNav />","Render"],"duration":13,"failureMessages":[],"fullName":"<TabNav /> Render must match withButtonActions()","location":null,"status":"passed","title":"must match withButtonActions()"},{"ancestorTitles":["<TabNav />","Render"],"duration":5,"failureMessages":[],"fullName":"<TabNav /> Render must match withTextActions()","location":null,"status":"passed","title":"must match withTextActions()"},{"ancestorTitles":["<TabNav />","Render"],"duration":22,"failureMessages":[],"fullName":"<TabNav /> Render must match withLinkActions()","location":null,"status":"passed","title":"must match withLinkActions()"},{"ancestorTitles":["<TabNav />","Render"],"duration":36,"failureMessages":[],"fullName":"<TabNav /> Render must match withNavigation()","location":null,"status":"passed","title":"must match withNavigation()"},{"ancestorTitles":["<TabNav />","Render"],"duration":5,"failureMessages":[],"fullName":"<TabNav /> Render must match withMixedEnabledVisibleItems()","location":null,"status":"passed","title":"must match withMixedEnabledVisibleItems()"},{"ancestorTitles":["<TabNav />","Render"],"duration":6,"failureMessages":[],"fullName":"<TabNav /> Render must match inactive()","location":null,"status":"passed","title":"must match inactive()"}],"endTime":1655361903592,"message":"","name":"/Users/mts/PapillonAdsHub/papillonads/packages/components/src/primer/Navigation/TabNav/__tests__/TabNav.int.test.js","startTime":1655361896795,"status":"passed","summary":""},{"assertionResults":[{"ancestorTitles":["<Button />","Render"],"duration":49,"failureMessages":[],"fullName":"<Button /> Render must match defaultNormal()","location":null,"status":"passed","title":"must match defaultNormal()"},{"ancestorTitles":["<Button />","Render"],"duration":4,"failureMessages":[],"fullName":"<Button /> Render must match defaultSmall()","location":null,"status":"passed","title":"must match defaultSmall()"},{"ancestorTitles":["<Button />","Render"],"duration":8,"failureMessages":[],"fullName":"<Button /> Render must match defaultLarge()","location":null,"status":"passed","title":"must match defaultLarge()"},{"ancestorTitles":["<Button />","Render"],"duration":96,"failureMessages":[],"fullName":"<Button /> Render must match defaultInactive()","location":null,"status":"passed","title":"must match defaultInactive()"},{"ancestorTitles":["<Button />","Render"],"duration":8,"failureMessages":[],"fullName":"<Button /> Render must match defaultIconLeftAligned()","location":null,"status":"passed","title":"must match defaultIconLeftAligned()"},{"ancestorTitles":["<Button />","Render"],"duration":17,"failureMessages":[],"fullName":"<Button /> Render must match defaultIconRightAligned()","location":null,"status":"passed","title":"must match defaultIconRightAligned()"},{"ancestorTitles":["<Button />","Render"],"duration":4,"failureMessages":[],"fullName":"<Button /> Render must match defaultLink()","location":null,"status":"passed","title":"must match defaultLink()"},{"ancestorTitles":["<Button />","Render"],"duration":4,"failureMessages":[],"fullName":"<Button /> Render must match primary()","location":null,"status":"passed","title":"must match primary()"},{"ancestorTitles":["<Button />","Render"],"duration":21,"failureMessages":[],"fullName":"<Button /> Render must match primarySmall()","location":null,"status":"passed","title":"must match primarySmall()"},{"ancestorTitles":["<Button />","Render"],"duration":13,"failureMessages":[],"fullName":"<Button /> Render must match primaryLarge()","location":null,"status":"passed","title":"must match primaryLarge()"},{"ancestorTitles":["<Button />","Render"],"duration":3,"failureMessages":[],"fullName":"<Button /> Render must match primaryInactive()","location":null,"status":"passed","title":"must match primaryInactive()"},{"ancestorTitles":["<Button />","Render"],"duration":5,"failureMessages":[],"fullName":"<Button /> Render must match primaryIconLeftAligned()","location":null,"status":"passed","title":"must match primaryIconLeftAligned()"},{"ancestorTitles":["<Button />","Render"],"duration":8,"failureMessages":[],"fullName":"<Button /> Render must match primaryIconRightAligned()","location":null,"status":"passed","title":"must match primaryIconRightAligned()"},{"ancestorTitles":["<Button />","Render"],"duration":4,"failureMessages":[],"fullName":"<Button /> Render must match danger()","location":null,"status":"passed","title":"must match danger()"},{"ancestorTitles":["<Button />","Render"],"duration":2,"failureMessages":[],"fullName":"<Button /> Render must match dangerSmall()","location":null,"status":"passed","title":"must match dangerSmall()"},{"ancestorTitles":["<Button />","Render"],"duration":3,"failureMessages":[],"fullName":"<Button /> Render must match dangerLarge()","location":null,"status":"passed","title":"must match dangerLarge()"},{"ancestorTitles":["<Button />","Render"],"duration":22,"failureMessages":[],"fullName":"<Button /> Render must match dangerInactive()","location":null,"status":"passed","title":"must match dangerInactive()"},{"ancestorTitles":["<Button />","Render"],"duration":3,"failureMessages":[],"fullName":"<Button /> Render must match dangerIconLeftAligned()","location":null,"status":"passed","title":"must match dangerIconLeftAligned()"},{"ancestorTitles":["<Button />","Render"],"duration":3,"failureMessages":[],"fullName":"<Button /> Render must match dangerIconRightAligned()","location":null,"status":"passed","title":"must match dangerIconRightAligned()"},{"ancestorTitles":["<Button />","Render"],"duration":2,"failureMessages":[],"fullName":"<Button /> Render must match outline()","location":null,"status":"passed","title":"must match outline()"},{"ancestorTitles":["<Button />","Render"],"duration":14,"failureMessages":[],"fullName":"<Button /> Render must match outlineSmall()","location":null,"status":"passed","title":"must match outlineSmall()"},{"ancestorTitles":["<Button />","Render"],"duration":2,"failureMessages":[],"fullName":"<Button /> Render must match outlineLarge()","location":null,"status":"passed","title":"must match outlineLarge()"},{"ancestorTitles":["<Button />","Render"],"duration":5,"failureMessages":[],"fullName":"<Button /> Render must match outlineInactive()","location":null,"status":"passed","title":"must match outlineInactive()"},{"ancestorTitles":["<Button />","Render"],"duration":16,"failureMessages":[],"fullName":"<Button /> Render must match outlineIconLeftAligned()","location":null,"status":"passed","title":"must match outlineIconLeftAligned()"},{"ancestorTitles":["<Button />","Render"],"duration":4,"failureMessages":[],"fullName":"<Button /> Render must match outlineIconRightAligned()","location":null,"status":"passed","title":"must match outlineIconRightAligned()"},{"ancestorTitles":["<Button />","Render"],"duration":2,"failureMessages":[],"fullName":"<Button /> Render must match blue()","location":null,"status":"passed","title":"must match blue()"},{"ancestorTitles":["<Button />","Render"],"duration":2,"failureMessages":[],"fullName":"<Button /> Render must match blueSmall()","location":null,"status":"passed","title":"must match blueSmall()"},{"ancestorTitles":["<Button />","Render"],"duration":12,"failureMessages":[],"fullName":"<Button /> Render must match blueLarge()","location":null,"status":"passed","title":"must match blueLarge()"},{"ancestorTitles":["<Button />","Render"],"duration":4,"failureMessages":[],"fullName":"<Button /> Render must match blueInactive()","location":null,"status":"passed","title":"must match blueInactive()"},{"ancestorTitles":["<Button />","Render"],"duration":22,"failureMessages":[],"fullName":"<Button /> Render must match blueIconLeftAligned()","location":null,"status":"passed","title":"must match blueIconLeftAligned()"},{"ancestorTitles":["<Button />","Render"],"duration":3,"failureMessages":[],"fullName":"<Button /> Render must match blueIconRightAligned()","location":null,"status":"passed","title":"must match blueIconRightAligned()"},{"ancestorTitles":["<Button />","Render"],"duration":4,"failureMessages":[],"fullName":"<Button /> Render must match orange()","location":null,"status":"passed","title":"must match orange()"},{"ancestorTitles":["<Button />","Render"],"duration":2,"failureMessages":[],"fullName":"<Button /> Render must match orangeSmall()","location":null,"status":"passed","title":"must match orangeSmall()"},{"ancestorTitles":["<Button />","Render"],"duration":22,"failureMessages":[],"fullName":"<Button /> Render must match orangeLarge()","location":null,"status":"passed","title":"must match orangeLarge()"},{"ancestorTitles":["<Button />","Render"],"duration":3,"failureMessages":[],"fullName":"<Button /> Render must match orangeInactive()","location":null,"status":"passed","title":"must match orangeInactive()"},{"ancestorTitles":["<Button />","Render"],"duration":6,"failureMessages":[],"fullName":"<Button /> Render must match orangeIconLeftAligned()","location":null,"status":"passed","title":"must match orangeIconLeftAligned()"},{"ancestorTitles":["<Button />","Render"],"duration":23,"failureMessages":[],"fullName":"<Button /> Render must match orangeIconRightAligned()","location":null,"status":"passed","title":"must match orangeIconRightAligned()"}],"endTime":1655361903823,"message":"","name":"/Users/mts/PapillonAdsHub/papillonads/packages/components/src/primer/Button/__tests__/Button.int.test.js","startTime":1655361896768,"status":"passed","summary":""},{"assertionResults":[{"ancestorTitles":["<FlexGrid />","Render"],"duration":295,"failureMessages":[],"fullName":"<FlexGrid /> Render must match radioWithSelection()","location":null,"status":"passed","title":"must match radioWithSelection()"},{"ancestorTitles":["<FlexGrid />","Render"],"duration":139,"failureMessages":[],"fullName":"<FlexGrid /> Render must match radioWithSelectionInactive()","location":null,"status":"passed","title":"must match radioWithSelectionInactive()"},{"ancestorTitles":["<FlexGrid />","Render"],"duration":146,"failureMessages":[],"fullName":"<FlexGrid /> Render must match radioWithoutSelection()","location":null,"status":"passed","title":"must match radioWithoutSelection()"},{"ancestorTitles":["<FlexGrid />","Render"],"duration":191,"failureMessages":[],"fullName":"<FlexGrid /> Render must match radioWithoutSelectionInactive()","location":null,"status":"passed","title":"must match radioWithoutSelectionInactive()"},{"ancestorTitles":["<FlexGrid />","Render"],"duration":150,"failureMessages":[],"fullName":"<FlexGrid /> Render must match checkboxWithSelection()","location":null,"status":"passed","title":"must match checkboxWithSelection()"},{"ancestorTitles":["<FlexGrid />","Render"],"duration":149,"failureMessages":[],"fullName":"<FlexGrid /> Render must match checkboxWithSelectionInactive()","location":null,"status":"passed","title":"must match checkboxWithSelectionInactive()"},{"ancestorTitles":["<FlexGrid />","Render"],"duration":115,"failureMessages":[],"fullName":"<FlexGrid /> Render must match checkboxWithoutSelection()","location":null,"status":"passed","title":"must match checkboxWithoutSelection()"},{"ancestorTitles":["<FlexGrid />","Render"],"duration":129,"failureMessages":[],"fullName":"<FlexGrid /> Render must match checkboxWithoutSelectionInactive()","location":null,"status":"passed","title":"must match checkboxWithoutSelectionInactive()"}],"endTime":1655361904441,"message":"","name":"/Users/mts/PapillonAdsHub/papillonads/packages/components/src/primer/Grid/FlexGrid/__tests__/FlexGrid.int.test.js","startTime":1655361896779,"status":"passed","summary":""},{"assertionResults":[{"ancestorTitles":["<Icon />","Render"],"duration":47,"failureMessages":[],"fullName":"<Icon /> Render must match regular()","location":null,"status":"passed","title":"must match regular()"},{"ancestorTitles":["<Icon />","Render"],"duration":1474,"failureMessages":[],"fullName":"<Icon /> Render must match allIcons()","location":null,"status":"passed","title":"must match allIcons()"}],"endTime":1655361904794,"message":"","name":"/Users/mts/PapillonAdsHub/papillonads/packages/components/src/primer/Icon/__tests__/Icon.int.test.js","startTime":1655361896780,"status":"passed","summary":""},{"assertionResults":[{"ancestorTitles":["<ComponentDesign />","Render"],"duration":42,"failureMessages":[],"fullName":"<ComponentDesign /> Render must match specificationsStandardsGuidelines()","location":null,"status":"passed","title":"must match specificationsStandardsGuidelines()"},{"ancestorTitles":["<ComponentDesign />","Render"],"duration":19,"failureMessages":[],"fullName":"<ComponentDesign /> Render must match openSourceDependencyProjects()","location":null,"status":"passed","title":"must match openSourceDependencyProjects()"},{"ancestorTitles":["<ComponentDesign />","Render"],"duration":4,"failureMessages":[],"fullName":"<ComponentDesign /> Render must match designSystemCore()","location":null,"status":"passed","title":"must match designSystemCore()"},{"ancestorTitles":["<ComponentDesign />","Render"],"duration":10,"failureMessages":[],"fullName":"<ComponentDesign /> Render must match productMicrosites()","location":null,"status":"passed","title":"must match productMicrosites()"}],"endTime":1655361905572,"message":"","name":"/Users/mts/PapillonAdsHub/papillonads/packages/components/src/primer/Concept/ComponentDesign/__tests__/ComponentDesign.int.test.js","startTime":1655361903517,"status":"passed","summary":""},{"assertionResults":[{"ancestorTitles":["<Dropdown />","Render"],"duration":63,"failureMessages":[],"fullName":"<Dropdown /> Render must match regular()","location":null,"status":"passed","title":"must match regular()"},{"ancestorTitles":["<Dropdown />","Render"],"duration":10,"failureMessages":[],"fullName":"<Dropdown /> Render must match inacive()","location":null,"status":"passed","title":"must match inacive()"}],"endTime":1655361905637,"message":"","name":"/Users/mts/PapillonAdsHub/papillonads/packages/components/src/primer/Dropdown/__tests__/Dropdown.int.test.js","startTime":1655361903590,"status":"passed","summary":""},{"assertionResults":[{"ancestorTitles":["<DisplayTable />","Render"],"duration":137,"failureMessages":[],"fullName":"<DisplayTable /> Render must match regular()","location":null,"status":"passed","title":"must match regular()"}],"endTime":1655361905793,"message":"","name":"/Users/mts/PapillonAdsHub/papillonads/packages/components/src/primer/Grid/DisplayTable/__tests__/DisplayTable.int.test.js","startTime":1655361903609,"status":"passed","summary":""},{"assertionResults":[{"ancestorTitles":["<ApplicationArchitecture />","Render"],"duration":58,"failureMessages":[],"fullName":"<ApplicationArchitecture /> Render must match specificationsStandardsGuidelines()","location":null,"status":"passed","title":"must match specificationsStandardsGuidelines()"},{"ancestorTitles":["<ApplicationArchitecture />","Render"],"duration":45,"failureMessages":[],"fullName":"<ApplicationArchitecture /> Render must match openSourceDependencyProjects()","location":null,"status":"passed","title":"must match openSourceDependencyProjects()"},{"ancestorTitles":["<ApplicationArchitecture />","Render"],"duration":17,"failureMessages":[],"fullName":"<ApplicationArchitecture /> Render must match designSystemCore()","location":null,"status":"passed","title":"must match designSystemCore()"},{"ancestorTitles":["<ApplicationArchitecture />","Render"],"duration":8,"failureMessages":[],"fullName":"<ApplicationArchitecture /> Render must match productMicrosites()","location":null,"status":"passed","title":"must match productMicrosites()"}],"endTime":1655361906180,"message":"","name":"/Users/mts/PapillonAdsHub/papillonads/packages/components/src/primer/Concept/ApplicationArchitecture/__tests__/ApplicationArchitecture.int.test.js","startTime":1655361903874,"status":"passed","summary":""},{"assertionResults":[{"ancestorTitles":["<Monorepo />","Render"],"duration":8,"failureMessages":[],"fullName":"<Monorepo /> Render must match specificationsStandardsGuidelines()","location":null,"status":"passed","title":"must match specificationsStandardsGuidelines()"},{"ancestorTitles":["<Monorepo />","Render"],"duration":5,"failureMessages":[],"fullName":"<Monorepo /> Render must match openSourceDependencyProjects()","location":null,"status":"passed","title":"must match openSourceDependencyProjects()"},{"ancestorTitles":["<Monorepo />","Render"],"duration":127,"failureMessages":[],"fullName":"<Monorepo /> Render must match designSystemCore()","location":null,"status":"passed","title":"must match designSystemCore()"},{"ancestorTitles":["<Monorepo />","Render"],"duration":5,"failureMessages":[],"fullName":"<Monorepo /> Render must match productMicrosites()","location":null,"status":"passed","title":"must match productMicrosites()"}],"endTime":1655361906464,"message":"","name":"/Users/mts/PapillonAdsHub/papillonads/packages/components/src/primer/Concept/Monorepo/__tests__/Monorepo.int.test.js","startTime":1655361902825,"status":"passed","summary":""},{"assertionResults":[{"ancestorTitles":["<ErrorBoundary />","Render"],"duration":55,"failureMessages":[],"fullName":"<ErrorBoundary /> Render must match regular()","location":null,"status":"passed","title":"must match regular()"}],"endTime":1655361906859,"message":"","name":"/Users/mts/PapillonAdsHub/papillonads/packages/components/src/primer/ErrorBoundary/__tests__/ErrorBoundary.int.test.js","startTime":1655361904494,"status":"passed","summary":""},{"assertionResults":[{"ancestorTitles":["<SelectMenu />","Render"],"duration":50,"failureMessages":[],"fullName":"<SelectMenu /> Render must match regular()","location":null,"status":"passed","title":"must match regular()"}],"endTime":1655361907345,"message":"","name":"/Users/mts/PapillonAdsHub/papillonads/packages/components/src/primer/SelectMenu/__tests__/SelectMenu.int.test.js","startTime":1655361904818,"status":"passed","summary":""},{"assertionResults":[{"ancestorTitles":["<Bootstrap />","Render"],"duration":81,"failureMessages":[],"fullName":"<Bootstrap /> Render must match specificationsStandardsGuidelines()","location":null,"status":"passed","title":"must match specificationsStandardsGuidelines()"},{"ancestorTitles":["<Bootstrap />","Render"],"duration":23,"failureMessages":[],"fullName":"<Bootstrap /> Render must match openSourceDependencyProjects()","location":null,"status":"passed","title":"must match openSourceDependencyProjects()"},{"ancestorTitles":["<Bootstrap />","Render"],"duration":10,"failureMessages":[],"fullName":"<Bootstrap /> Render must match designSystemCore()","location":null,"status":"passed","title":"must match designSystemCore()"},{"ancestorTitles":["<Bootstrap />","Render"],"duration":21,"failureMessages":[],"fullName":"<Bootstrap /> Render must match productMicrosites()","location":null,"status":"passed","title":"must match productMicrosites()"}],"endTime":1655361907691,"message":"","name":"/Users/mts/PapillonAdsHub/papillonads/packages/components/src/primer/Concept/Bootstrap/__tests__/Bootstrap.int.test.js","startTime":1655361905580,"status":"passed","summary":""},{"assertionResults":[{"ancestorTitles":["<Menu />","Render"],"duration":28,"failureMessages":[],"fullName":"<Menu /> Render must match regular()","location":null,"status":"passed","title":"must match regular()"},{"ancestorTitles":["<Menu />","Render"],"duration":6,"failureMessages":[],"fullName":"<Menu /> Render must match withIcons()","location":null,"status":"passed","title":"must match withIcons()"},{"ancestorTitles":["<Menu />","Render"],"duration":7,"failureMessages":[],"fullName":"<Menu /> Render must match withHeading()","location":null,"status":"passed","title":"must match withHeading()"}],"endTime":1655361907772,"message":"","name":"/Users/mts/PapillonAdsHub/papillonads/packages/components/src/primer/Navigation/Menu/__tests__/Menu.int.test.js","startTime":1655361905680,"status":"passed","summary":""},{"assertionResults":[{"ancestorTitles":["<CrossBrowserCompatibility />","Render"],"duration":192,"failureMessages":[],"fullName":"<CrossBrowserCompatibility /> Render must match specificationsStandardsGuidelines()","location":null,"status":"passed","title":"must match specificationsStandardsGuidelines()"},{"ancestorTitles":["<CrossBrowserCompatibility />","Render"],"duration":3,"failureMessages":[],"fullName":"<CrossBrowserCompatibility /> Render must match openSourceDependencyProjects()","location":null,"status":"passed","title":"must match openSourceDependencyProjects()"},{"ancestorTitles":["<CrossBrowserCompatibility />","Render"],"duration":4,"failureMessages":[],"fullName":"<CrossBrowserCompatibility /> Render must match designSystemCore()","location":null,"status":"passed","title":"must match designSystemCore()"},{"ancestorTitles":["<CrossBrowserCompatibility />","Render"],"duration":27,"failureMessages":[],"fullName":"<CrossBrowserCompatibility /> Render must match productMicrosites()","location":null,"status":"passed","title":"must match productMicrosites()"}],"endTime":1655361908075,"message":"","name":"/Users/mts/PapillonAdsHub/papillonads/packages/components/src/primer/Concept/CrossBrowserCompatibility/__tests__/CrossBrowserCompatibility.int.test.js","startTime":1655361905803,"status":"passed","summary":""},{"assertionResults":[{"ancestorTitles":["<VersionControl />","Render"],"duration":84,"failureMessages":[],"fullName":"<VersionControl /> Render must match specificationsStandardsGuidelines()","location":null,"status":"passed","title":"must match specificationsStandardsGuidelines()"},{"ancestorTitles":["<VersionControl />","Render"],"duration":11,"failureMessages":[],"fullName":"<VersionControl /> Render must match openSourceDependencyProjects()","location":null,"status":"passed","title":"must match openSourceDependencyProjects()"},{"ancestorTitles":["<VersionControl />","Render"],"duration":5,"failureMessages":[],"fullName":"<VersionControl /> Render must match designSystemCore()","location":null,"status":"passed","title":"must match designSystemCore()"},{"ancestorTitles":["<VersionControl />","Render"],"duration":14,"failureMessages":[],"fullName":"<VersionControl /> Render must match productMicrosites()","location":null,"status":"passed","title":"must match productMicrosites()"}],"endTime":1655361908196,"message":"","name":"/Users/mts/PapillonAdsHub/papillonads/packages/components/src/primer/Concept/VersionControl/__tests__/VersionControl.int.test.js","startTime":1655361906191,"status":"passed","summary":""},{"assertionResults":[{"ancestorTitles":["<Alert />","Render"],"duration":13,"failureMessages":[],"fullName":"<Alert /> Render must match regular()","location":null,"status":"passed","title":"must match regular()"},{"ancestorTitles":["<Alert />","Render"],"duration":7,"failureMessages":[],"fullName":"<Alert /> Render must match regularMultipleParagraphs()","location":null,"status":"passed","title":"must match regularMultipleParagraphs()"},{"ancestorTitles":["<Alert />","Render"],"duration":65,"failureMessages":[],"fullName":"<Alert /> Render must match info()","location":null,"status":"passed","title":"must match info()"},{"ancestorTitles":["<Alert />","Render"],"duration":24,"failureMessages":[],"fullName":"<Alert /> Render must match warning()","location":null,"status":"passed","title":"must match warning()"},{"ancestorTitles":["<Alert />","Render"],"duration":4,"failureMessages":[],"fullName":"<Alert /> Render must match error()","location":null,"status":"passed","title":"must match error()"},{"ancestorTitles":["<Alert />","Render"],"duration":4,"failureMessages":[],"fullName":"<Alert /> Render must match success()","location":null,"status":"passed","title":"must match success()"},{"ancestorTitles":["<Alert />","Render"],"duration":13,"failureMessages":[],"fullName":"<Alert /> Render must match consent()","location":null,"status":"passed","title":"must match consent()"},{"ancestorTitles":["<Alert />","Render"],"duration":29,"failureMessages":[],"fullName":"<Alert /> Render must match consentWithInput()","location":null,"status":"passed","title":"must match consentWithInput()"}],"endTime":1655361908614,"message":"","name":"/Users/mts/PapillonAdsHub/papillonads/packages/components/src/primer/Alert/__tests__/Alert.int.test.js","startTime":1655361906473,"status":"passed","summary":""},{"assertionResults":[{"ancestorTitles":["<Label />","Render"],"duration":8,"failureMessages":[],"fullName":"<Label /> Render must match regular()","location":null,"status":"passed","title":"must match regular()"}],"endTime":1655361908619,"message":"","name":"/Users/mts/PapillonAdsHub/papillonads/packages/components/src/primer/Label/__tests__/Label.int.test.js","startTime":1655361906873,"status":"passed","summary":""},{"assertionResults":[{"ancestorTitles":["<Input />","Render"],"duration":73,"failureMessages":[],"fullName":"<Input /> Render must match regular()","location":null,"status":"passed","title":"must match regular()"},{"ancestorTitles":["<Input />","Render"],"duration":15,"failureMessages":[],"fullName":"<Input /> Render must match inactive()","location":null,"status":"passed","title":"must match inactive()"}],"endTime":1655361909466,"message":"","name":"/Users/mts/PapillonAdsHub/papillonads/packages/components/src/primer/Form/Input/__tests__/Input.int.test.js","startTime":1655361907377,"status":"passed","summary":""},{"assertionResults":[{"ancestorTitles":["<Checkbox />","Render"],"duration":27,"failureMessages":[],"fullName":"<Checkbox /> Render must match isChecked()","location":null,"status":"passed","title":"must match isChecked()"},{"ancestorTitles":["<Checkbox />","Render"],"duration":18,"failureMessages":[],"fullName":"<Checkbox /> Render must match isCheckedInactive()","location":null,"status":"passed","title":"must match isCheckedInactive()"},{"ancestorTitles":["<Checkbox />","Render"],"duration":10,"failureMessages":[],"fullName":"<Checkbox /> Render must match isNotChecked()","location":null,"status":"passed","title":"must match isNotChecked()"},{"ancestorTitles":["<Checkbox />","Render"],"duration":16,"failureMessages":[],"fullName":"<Checkbox /> Render must match isNotCheckedInactive()","location":null,"status":"passed","title":"must match isNotCheckedInactive()"}],"endTime":1655361909695,"message":"","name":"/Users/mts/PapillonAdsHub/papillonads/packages/components/src/primer/Form/Checkbox/__tests__/Checkbox.int.test.js","startTime":1655361907780,"status":"passed","summary":""},{"assertionResults":[{"ancestorTitles":["<UnderlineNav />","Render"],"duration":112,"failureMessages":[],"fullName":"<UnderlineNav /> Render must match regular()","location":null,"status":"passed","title":"must match regular()"},{"ancestorTitles":["<UnderlineNav />","Render"],"duration":8,"failureMessages":[],"fullName":"<UnderlineNav /> Render must match withActions()","location":null,"status":"passed","title":"must match withActions()"},{"ancestorTitles":["<UnderlineNav />","Render"],"duration":23,"failureMessages":[],"fullName":"<UnderlineNav /> Render must match rightAligned()","location":null,"status":"passed","title":"must match rightAligned()"},{"ancestorTitles":["<UnderlineNav />","Render"],"duration":36,"failureMessages":[],"fullName":"<UnderlineNav /> Render must match rightAlignedWithActions()","location":null,"status":"passed","title":"must match rightAlignedWithActions()"},{"ancestorTitles":["<UnderlineNav />","Render"],"duration":5,"failureMessages":[],"fullName":"<UnderlineNav /> Render must match withIcons()","location":null,"status":"passed","title":"must match withIcons()"},{"ancestorTitles":["<UnderlineNav />","Render"],"duration":29,"failureMessages":[],"fullName":"<UnderlineNav /> Render must match fullContainer()","location":null,"status":"passed","title":"must match fullContainer()"}],"endTime":1655361909982,"message":"","name":"/Users/mts/PapillonAdsHub/papillonads/packages/components/src/primer/Navigation/UnderlineNav/__tests__/UnderlineNav.int.test.js","startTime":1655361907701,"status":"passed","summary":""},{"assertionResults":[{"ancestorTitles":["<Blankslate />","Render"],"duration":8,"failureMessages":[],"fullName":"<Blankslate /> Render must match regular()","location":null,"status":"passed","title":"must match regular()"},{"ancestorTitles":["<Blankslate />","Render"],"duration":11,"failureMessages":[],"fullName":"<Blankslate /> Render must match narrow()","location":null,"status":"passed","title":"must match narrow()"},{"ancestorTitles":["<Blankslate />","Render"],"duration":3,"failureMessages":[],"fullName":"<Blankslate /> Render must match capped()","location":null,"status":"passed","title":"must match capped()"},{"ancestorTitles":["<Blankslate />","Render"],"duration":44,"failureMessages":[],"fullName":"<Blankslate /> Render must match spacious()","location":null,"status":"passed","title":"must match spacious()"},{"ancestorTitles":["<Blankslate />","Render"],"duration":5,"failureMessages":[],"fullName":"<Blankslate /> Render must match large()","location":null,"status":"passed","title":"must match large()"},{"ancestorTitles":["<Blankslate />","Render"],"duration":4,"failureMessages":[],"fullName":"<Blankslate /> Render must match cleanBackground()","location":null,"status":"passed","title":"must match cleanBackground()"}],"endTime":1655361910221,"message":"","name":"/Users/mts/PapillonAdsHub/papillonads/packages/components/src/primer/Blankslate/__tests__/Blankslate.int.test.js","startTime":1655361908111,"status":"passed","summary":""},{"assertionResults":[{"ancestorTitles":["<Loader />","Render"],"duration":29,"failureMessages":[],"fullName":"<Loader /> Render must match heading()","location":null,"status":"passed","title":"must match heading()"},{"ancestorTitles":["<Loader />","Render"],"duration":12,"failureMessages":[],"fullName":"<Loader /> Render must match text()","location":null,"status":"passed","title":"must match text()"},{"ancestorTitles":["<Loader />","Render"],"duration":6,"failureMessages":[],"fullName":"<Loader /> Render must match label()","location":null,"status":"passed","title":"must match label()"},{"ancestorTitles":["<Loader />","Render"],"duration":9,"failureMessages":[],"fullName":"<Loader /> Render must match button()","location":null,"status":"passed","title":"must match button()"}],"endTime":1655361910345,"message":"","name":"/Users/mts/PapillonAdsHub/papillonads/packages/components/src/primer/Loader/__tests__/Loader.int.test.js","startTime":1655361908206,"status":"passed","summary":""},{"assertionResults":[{"ancestorTitles":["<Microsite />","Render"],"duration":6,"failureMessages":[],"fullName":"<Microsite /> Render must match specificationsStandardsGuidelines()","location":null,"status":"passed","title":"must match specificationsStandardsGuidelines()"},{"ancestorTitles":["<Microsite />","Render"],"duration":11,"failureMessages":[],"fullName":"<Microsite /> Render must match openSourceDependencyProjects()","location":null,"status":"passed","title":"must match openSourceDependencyProjects()"},{"ancestorTitles":["<Microsite />","Render"],"duration":5,"failureMessages":[],"fullName":"<Microsite /> Render must match designSystemCore()","location":null,"status":"passed","title":"must match designSystemCore()"},{"ancestorTitles":["<Microsite />","Render"],"duration":11,"failureMessages":[],"fullName":"<Microsite /> Render must match productMicrosites()","location":null,"status":"passed","title":"must match productMicrosites()"}],"endTime":1655361910480,"message":"","name":"/Users/mts/PapillonAdsHub/papillonads/packages/components/src/primer/Concept/Microsite/__tests__/Microsite.int.test.js","startTime":1655361908644,"status":"passed","summary":""},{"assertionResults":[{"ancestorTitles":["<Rendering />","Render"],"duration":23,"failureMessages":[],"fullName":"<Rendering /> Render must match specificationsStandardsGuidelines()","location":null,"status":"passed","title":"must match specificationsStandardsGuidelines()"},{"ancestorTitles":["<Rendering />","Render"],"duration":6,"failureMessages":[],"fullName":"<Rendering /> Render must match openSourceDependencyProjects()","location":null,"status":"passed","title":"must match openSourceDependencyProjects()"},{"ancestorTitles":["<Rendering />","Render"],"duration":18,"failureMessages":[],"fullName":"<Rendering /> Render must match designSystemCore()","location":null,"status":"passed","title":"must match designSystemCore()"},{"ancestorTitles":["<Rendering />","Render"],"duration":4,"failureMessages":[],"fullName":"<Rendering /> Render must match productMicrosites()","location":null,"status":"passed","title":"must match productMicrosites()"}],"endTime":1655361910518,"message":"","name":"/Users/mts/PapillonAdsHub/papillonads/packages/components/src/primer/Concept/Rendering/__tests__/Rendering.int.test.js","startTime":1655361908730,"status":"passed","summary":""},{"assertionResults":[{"ancestorTitles":["<ContinuousIntegration />","Render"],"duration":74,"failureMessages":[],"fullName":"<ContinuousIntegration /> Render must match specificationsStandardsGuidelines()","location":null,"status":"passed","title":"must match specificationsStandardsGuidelines()"},{"ancestorTitles":["<ContinuousIntegration />","Render"],"duration":6,"failureMessages":[],"fullName":"<ContinuousIntegration /> Render must match openSourceDependencyProjects()","location":null,"status":"passed","title":"must match openSourceDependencyProjects()"},{"ancestorTitles":["<ContinuousIntegration />","Render"],"duration":4,"failureMessages":[],"fullName":"<ContinuousIntegration /> Render must match designSystemCore()","location":null,"status":"passed","title":"must match designSystemCore()"},{"ancestorTitles":["<ContinuousIntegration />","Render"],"duration":30,"failureMessages":[],"fullName":"<ContinuousIntegration /> Render must match productMicrosites()","location":null,"status":"passed","title":"must match productMicrosites()"}],"endTime":1655361911142,"message":"","name":"/Users/mts/PapillonAdsHub/papillonads/packages/components/src/primer/Concept/ContinuousIntegration/__tests__/ContinuousIntegration.int.test.js","startTime":1655361909479,"status":"passed","summary":""},{"assertionResults":[{"ancestorTitles":["<Accessibility />","Render"],"duration":31,"failureMessages":[],"fullName":"<Accessibility /> Render must match specificationsStandardsGuidelines()","location":null,"status":"passed","title":"must match specificationsStandardsGuidelines()"},{"ancestorTitles":["<Accessibility />","Render"],"duration":78,"failureMessages":[],"fullName":"<Accessibility /> Render must match openSourceDependencyProjects()","location":null,"status":"passed","title":"must match openSourceDependencyProjects()"},{"ancestorTitles":["<Accessibility />","Render"],"duration":15,"failureMessages":[],"fullName":"<Accessibility /> Render must match designSystemCore()","location":null,"status":"passed","title":"must match designSystemCore()"},{"ancestorTitles":["<Accessibility />","Render"],"duration":4,"failureMessages":[],"fullName":"<Accessibility /> Render must match productMicrosites()","location":null,"status":"passed","title":"must match productMicrosites()"}],"endTime":1655361911570,"message":"","name":"/Users/mts/PapillonAdsHub/papillonads/packages/components/src/primer/Concept/Accessibility/__tests__/Accessibility.int.test.js","startTime":1655361909708,"status":"passed","summary":""},{"assertionResults":[{"ancestorTitles":["<Runtime />","Render"],"duration":86,"failureMessages":[],"fullName":"<Runtime /> Render must match specificationsStandardsGuidelines()","location":null,"status":"passed","title":"must match specificationsStandardsGuidelines()"},{"ancestorTitles":["<Runtime />","Render"],"duration":10,"failureMessages":[],"fullName":"<Runtime /> Render must match openSourceDependencyProjects()","location":null,"status":"passed","title":"must match openSourceDependencyProjects()"},{"ancestorTitles":["<Runtime />","Render"],"duration":5,"failureMessages":[],"fullName":"<Runtime /> Render must match designSystemCore()","location":null,"status":"passed","title":"must match designSystemCore()"},{"ancestorTitles":["<Runtime />","Render"],"duration":31,"failureMessages":[],"fullName":"<Runtime /> Render must match productMicrosites()","location":null,"status":"passed","title":"must match productMicrosites()"}],"endTime":1655361911704,"message":"","name":"/Users/mts/PapillonAdsHub/papillonads/packages/components/src/primer/Concept/Runtime/__tests__/Runtime.int.test.js","startTime":1655361909992,"status":"passed","summary":""},{"assertionResults":[{"ancestorTitles":["<Breadcrumb />","Render"],"duration":15,"failureMessages":[],"fullName":"<Breadcrumb /> Render must match regular()","location":null,"status":"passed","title":"must match regular()"},{"ancestorTitles":["<Breadcrumb />","Render"],"duration":27,"failureMessages":[],"fullName":"<Breadcrumb /> Render must match inactive()","location":null,"status":"passed","title":"must match inactive()"}],"endTime":1655361911985,"message":"","name":"/Users/mts/PapillonAdsHub/papillonads/packages/components/src/primer/Breadcrumb/__tests__/Breadcrumb.int.test.js","startTime":1655361910234,"status":"passed","summary":""},{"assertionResults":[{"ancestorTitles":["<Radio />","Render"],"duration":65,"failureMessages":[],"fullName":"<Radio /> Render must match regular()","location":null,"status":"passed","title":"must match regular()"},{"ancestorTitles":["<Radio />","Render"],"duration":7,"failureMessages":[],"fullName":"<Radio /> Render must match inactive()","location":null,"status":"passed","title":"must match inactive()"}],"endTime":1655361912091,"message":"","name":"/Users/mts/PapillonAdsHub/papillonads/packages/components/src/primer/Form/Radio/__tests__/Radio.int.test.js","startTime":1655361910353,"status":"passed","summary":""},{"assertionResults":[{"ancestorTitles":["<Routing />","Render"],"duration":56,"failureMessages":[],"fullName":"<Routing /> Render must match specificationsStandardsGuidelines()","location":null,"status":"passed","title":"must match specificationsStandardsGuidelines()"},{"ancestorTitles":["<Routing />","Render"],"duration":9,"failureMessages":[],"fullName":"<Routing /> Render must match openSourceDependencyProjects()","location":null,"status":"passed","title":"must match openSourceDependencyProjects()"},{"ancestorTitles":["<Routing />","Render"],"duration":17,"failureMessages":[],"fullName":"<Routing /> Render must match designSystemCore()","location":null,"status":"passed","title":"must match designSystemCore()"},{"ancestorTitles":["<Routing />","Render"],"duration":11,"failureMessages":[],"fullName":"<Routing /> Render must match productMicrosites()","location":null,"status":"passed","title":"must match productMicrosites()"}],"endTime":1655361912255,"message":"","name":"/Users/mts/PapillonAdsHub/papillonads/packages/components/src/primer/Concept/Routing/__tests__/Routing.int.test.js","startTime":1655361910578,"status":"passed","summary":""},{"assertionResults":[{"ancestorTitles":["<Compiling />","Render"],"duration":19,"failureMessages":[],"fullName":"<Compiling /> Render must match specificationsStandardsGuidelines()","location":null,"status":"passed","title":"must match specificationsStandardsGuidelines()"},{"ancestorTitles":["<Compiling />","Render"],"duration":29,"failureMessages":[],"fullName":"<Compiling /> Render must match openSourceDependencyProjects()","location":null,"status":"passed","title":"must match openSourceDependencyProjects()"},{"ancestorTitles":["<Compiling />","Render"],"duration":19,"failureMessages":[],"fullName":"<Compiling /> Render must match designSystemCore()","location":null,"status":"passed","title":"must match designSystemCore()"},{"ancestorTitles":["<Compiling />","Render"],"duration":45,"failureMessages":[],"fullName":"<Compiling /> Render must match productMicrosites()","location":null,"status":"passed","title":"must match productMicrosites()"}],"endTime":1655361912334,"message":"","name":"/Users/mts/PapillonAdsHub/papillonads/packages/components/src/primer/Concept/Compiling/__tests__/Compiling.int.test.js","startTime":1655361910512,"status":"passed","summary":""},{"assertionResults":[{"ancestorTitles":["<PreviousNext />","Render"],"duration":20,"failureMessages":[],"fullName":"<PreviousNext /> Render must match regular()","location":null,"status":"passed","title":"must match regular()"},{"ancestorTitles":["<PreviousNext />","Render"],"duration":41,"failureMessages":[],"fullName":"<PreviousNext /> Render must match inactive()","location":null,"status":"passed","title":"must match inactive()"}],"endTime":1655361912802,"message":"","name":"/Users/mts/PapillonAdsHub/papillonads/packages/components/src/primer/Pagination/PreviousNext/__tests__/PreviousNext.int.test.js","startTime":1655361911225,"status":"passed","summary":""},{"assertionResults":[{"ancestorTitles":["<LocalDevelopment />","Render"],"duration":6,"failureMessages":[],"fullName":"<LocalDevelopment /> Render must match specificationsStandardsGuidelines()","location":null,"status":"passed","title":"must match specificationsStandardsGuidelines()"},{"ancestorTitles":["<LocalDevelopment />","Render"],"duration":8,"failureMessages":[],"fullName":"<LocalDevelopment /> Render must match openSourceDependencyProjects()","location":null,"status":"passed","title":"must match openSourceDependencyProjects()"},{"ancestorTitles":["<LocalDevelopment />","Render"],"duration":7,"failureMessages":[],"fullName":"<LocalDevelopment /> Render must match designSystemCore()","location":null,"status":"passed","title":"must match designSystemCore()"},{"ancestorTitles":["<LocalDevelopment />","Render"],"duration":120,"failureMessages":[],"fullName":"<LocalDevelopment /> Render must match productMicrosites()","location":null,"status":"passed","title":"must match productMicrosites()"}],"endTime":1655361913113,"message":"","name":"/Users/mts/PapillonAdsHub/papillonads/packages/components/src/primer/Concept/LocalDevelopment/__tests__/LocalDevelopment.int.test.js","startTime":1655361911720,"status":"passed","summary":""},{"assertionResults":[{"ancestorTitles":["<Select />","Render"],"duration":104,"failureMessages":[],"fullName":"<Select /> Render must match regular()","location":null,"status":"passed","title":"must match regular()"},{"ancestorTitles":["<Select />","Render"],"duration":7,"failureMessages":[],"fullName":"<Select /> Render must match inacive()","location":null,"status":"passed","title":"must match inacive()"}],"endTime":1655361913262,"message":"","name":"/Users/mts/PapillonAdsHub/papillonads/packages/components/src/primer/Select/__tests__/Select.int.test.js","startTime":1655361911582,"status":"passed","summary":""},{"assertionResults":[{"ancestorTitles":["<ContinuousDelivery />","Render"],"duration":14,"failureMessages":[],"fullName":"<ContinuousDelivery /> Render must match specificationsStandardsGuidelines()","location":null,"status":"passed","title":"must match specificationsStandardsGuidelines()"},{"ancestorTitles":["<ContinuousDelivery />","Render"],"duration":4,"failureMessages":[],"fullName":"<ContinuousDelivery /> Render must match openSourceDependencyProjects()","location":null,"status":"passed","title":"must match openSourceDependencyProjects()"},{"ancestorTitles":["<ContinuousDelivery />","Render"],"duration":7,"failureMessages":[],"fullName":"<ContinuousDelivery /> Render must match designSystemCore()","location":null,"status":"passed","title":"must match designSystemCore()"},{"ancestorTitles":["<ContinuousDelivery />","Render"],"duration":4,"failureMessages":[],"fullName":"<ContinuousDelivery /> Render must match productMicrosites()","location":null,"status":"passed","title":"must match productMicrosites()"}],"endTime":1655361913552,"message":"","name":"/Users/mts/PapillonAdsHub/papillonads/packages/components/src/primer/Concept/ContinuousDelivery/__tests__/ContinuousDelivery.int.test.js","startTime":1655361912098,"status":"passed","summary":""},{"assertionResults":[{"ancestorTitles":["<Testing />","Render"],"duration":117,"failureMessages":[],"fullName":"<Testing /> Render must match specificationsStandardsGuidelines()","location":null,"status":"passed","title":"must match specificationsStandardsGuidelines()"},{"ancestorTitles":["<Testing />","Render"],"duration":12,"failureMessages":[],"fullName":"<Testing /> Render must match openSourceDependencyProjects()","location":null,"status":"passed","title":"must match openSourceDependencyProjects()"},{"ancestorTitles":["<Testing />","Render"],"duration":4,"failureMessages":[],"fullName":"<Testing /> Render must match designSystemCore()","location":null,"status":"passed","title":"must match designSystemCore()"},{"ancestorTitles":["<Testing />","Render"],"duration":43,"failureMessages":[],"fullName":"<Testing /> Render must match productMicrosites()","location":null,"status":"passed","title":"must match productMicrosites()"}],"endTime":1655361913659,"message":"","name":"/Users/mts/PapillonAdsHub/papillonads/packages/components/src/primer/Concept/Testing/__tests__/Testing.int.test.js","startTime":1655361912031,"status":"passed","summary":""},{"assertionResults":[{"ancestorTitles":["<CSSArchitecture />","Render"],"duration":66,"failureMessages":[],"fullName":"<CSSArchitecture /> Render must match specificationsStandardsGuidelines()","location":null,"status":"passed","title":"must match specificationsStandardsGuidelines()"},{"ancestorTitles":["<CSSArchitecture />","Render"],"duration":21,"failureMessages":[],"fullName":"<CSSArchitecture /> Render must match openSourceDependencyProjects()","location":null,"status":"passed","title":"must match openSourceDependencyProjects()"},{"ancestorTitles":["<CSSArchitecture />","Render"],"duration":15,"failureMessages":[],"fullName":"<CSSArchitecture /> Render must match designSystemCore()","location":null,"status":"passed","title":"must match designSystemCore()"},{"ancestorTitles":["<CSSArchitecture />","Render"],"duration":4,"failureMessages":[],"fullName":"<CSSArchitecture /> Render must match productMicrosites()","location":null,"status":"passed","title":"must match productMicrosites()"}],"endTime":1655361913856,"message":"","name":"/Users/mts/PapillonAdsHub/papillonads/packages/components/src/primer/Concept/CSSArchitecture/__tests__/CSSArchitecture.int.test.js","startTime":1655361912285,"status":"passed","summary":""},{"assertionResults":[{"ancestorTitles":["<Button />","Render"],"duration":27,"failureMessages":[],"fullName":"<Button /> Render must match info()","location":null,"status":"passed","title":"must match info()"},{"ancestorTitles":["<Button />","Render"],"duration":24,"failureMessages":[],"fullName":"<Button /> Render must match success()","location":null,"status":"passed","title":"must match success()"},{"ancestorTitles":["<Button />","Render"],"duration":6,"failureMessages":[],"fullName":"<Button /> Render must match warning()","location":null,"status":"passed","title":"must match warning()"},{"ancestorTitles":["<Button />","Render"],"duration":20,"failureMessages":[],"fullName":"<Button /> Render must match error()","location":null,"status":"passed","title":"must match error()"},{"ancestorTitles":["<Button />","Render"],"duration":8,"failureMessages":[],"fullName":"<Button /> Render must match dismissable()","location":null,"status":"passed","title":"must match dismissable()"}],"endTime":1655361913932,"message":"","name":"/Users/mts/PapillonAdsHub/papillonads/packages/components/src/primer/Toast/__tests__/Toast.int.test.js","startTime":1655361912345,"status":"passed","summary":""},{"assertionResults":[{"ancestorTitles":["<Subhead />","Render"],"duration":9,"failureMessages":[],"fullName":"<Subhead /> Render must match plain()","location":null,"status":"passed","title":"must match plain()"},{"ancestorTitles":["<Subhead />","Render"],"duration":34,"failureMessages":[],"fullName":"<Subhead /> Render must match spacious()","location":null,"status":"passed","title":"must match spacious()"}],"endTime":1655361914447,"message":"","name":"/Users/mts/PapillonAdsHub/papillonads/packages/components/src/primer/Subhead/__tests__/Subhead.int.test.js","startTime":1655361912813,"status":"passed","summary":""},{"assertionResults":[{"ancestorTitles":["<Language />","Render"],"duration":196,"failureMessages":[],"fullName":"<Language /> Render must match specificationsStandardsGuidelines()","location":null,"status":"passed","title":"must match specificationsStandardsGuidelines()"},{"ancestorTitles":["<Language />","Render"],"duration":9,"failureMessages":[],"fullName":"<Language /> Render must match openSourceDependencyProjects()","location":null,"status":"passed","title":"must match openSourceDependencyProjects()"},{"ancestorTitles":["<Language />","Render"],"duration":29,"failureMessages":[],"fullName":"<Language /> Render must match designSystemCore()","location":null,"status":"passed","title":"must match designSystemCore()"},{"ancestorTitles":["<Language />","Render"],"duration":23,"failureMessages":[],"fullName":"<Language /> Render must match productMicrosites()","location":null,"status":"passed","title":"must match productMicrosites()"}],"endTime":1655361914921,"message":"","name":"/Users/mts/PapillonAdsHub/papillonads/packages/components/src/primer/Concept/Language/__tests__/Language.int.test.js","startTime":1655361913146,"status":"passed","summary":""},{"assertionResults":[{"ancestorTitles":["index","getCurrentIndex()"],"duration":1,"failureMessages":[],"fullName":"index getCurrentIndex() must return current item index when there is a current item","location":null,"status":"passed","title":"must return current item index when there is a current item"},{"ancestorTitles":["index","getCurrentIndex()"],"duration":0,"failureMessages":[],"fullName":"index getCurrentIndex() must return -1 when there is no current item","location":null,"status":"passed","title":"must return -1 when there is no current item"},{"ancestorTitles":["index","getCurrentIndex()"],"duration":1,"failureMessages":[],"fullName":"index getCurrentIndex() must return -1 when there are no index items","location":null,"status":"passed","title":"must return -1 when there are no index items"},{"ancestorTitles":["index","getIndexItems()"],"duration":1,"failureMessages":[],"fullName":"index getIndexItems() must return items with index when there are items","location":null,"status":"passed","title":"must return items with index when there are items"},{"ancestorTitles":["index","getIndexItems()"],"duration":0,"failureMessages":[],"fullName":"index getIndexItems() must return empty array when items are empty","location":null,"status":"passed","title":"must return empty array when items are empty"},{"ancestorTitles":["index","getIndexItems()"],"duration":0,"failureMessages":[],"fullName":"index getIndexItems() must return empty array when there are no items","location":null,"status":"passed","title":"must return empty array when there are no items"},{"ancestorTitles":["index","getIndexItemsWithSelected()"],"duration":1,"failureMessages":[],"fullName":"index getIndexItemsWithSelected() must return index items with selected when there are items","location":null,"status":"passed","title":"must return index items with selected when there are items"},{"ancestorTitles":["index","getIndexItemsWithSelected()"],"duration":0,"failureMessages":[],"fullName":"index getIndexItemsWithSelected() must return empty array when items are empty","location":null,"status":"passed","title":"must return empty array when items are empty"},{"ancestorTitles":["index","getIndexItemsWithSelected()"],"duration":0,"failureMessages":[],"fullName":"index getIndexItemsWithSelected() must return empty array when there are no items","location":null,"status":"passed","title":"must return empty array when there are no items"},{"ancestorTitles":["index","getRandomItemFromArray()"],"duration":1,"failureMessages":[],"fullName":"index getRandomItemFromArray() must return random item from array when array has items","location":null,"status":"passed","title":"must return random item from array when array has items"},{"ancestorTitles":["index","getRandomItemFromArray()"],"duration":0,"failureMessages":[],"fullName":"index getRandomItemFromArray() must return undefined when array has no items","location":null,"status":"passed","title":"must return undefined when array has no items"},{"ancestorTitles":["index","getRange()"],"duration":1,"failureMessages":[],"fullName":"index getRange() must return range without index seed and without value seed","location":null,"status":"passed","title":"must return range without index seed and without value seed"},{"ancestorTitles":["index","getRange()"],"duration":0,"failureMessages":[],"fullName":"index getRange() must return range with index seed and without value seed","location":null,"status":"passed","title":"must return range with index seed and without value seed"},{"ancestorTitles":["index","getRange()"],"duration":0,"failureMessages":[],"fullName":"index getRange() must return range without index seed and with value seed","location":null,"status":"passed","title":"must return range without index seed and with value seed"},{"ancestorTitles":["index","getRange()"],"duration":0,"failureMessages":[],"fullName":"index getRange() must return range with index seed and with value seed","location":null,"status":"passed","title":"must return range with index seed and with value seed"}],"endTime":1655361915168,"message":"","name":"/Users/mts/PapillonAdsHub/papillonads/packages/library/src/array/__tests__/index.test.js","startTime":1655361913672,"status":"passed","summary":""},{"assertionResults":[{"ancestorTitles":["index","getCapizalizedString()"],"duration":1,"failureMessages":[],"fullName":"index getCapizalizedString() must return a capitalized string","location":null,"status":"passed","title":"must return a capitalized string"}],"endTime":1655361915173,"message":"","name":"/Users/mts/PapillonAdsHub/papillonads/packages/library/src/string/__tests__/index.test.js","startTime":1655361913953,"status":"passed","summary":""},{"assertionResults":[{"ancestorTitles":["<ComponentDrivenDevelopment />","Render"],"duration":57,"failureMessages":[],"fullName":"<ComponentDrivenDevelopment /> Render must match specificationsStandardsGuidelines()","location":null,"status":"passed","title":"must match specificationsStandardsGuidelines()"},{"ancestorTitles":["<ComponentDrivenDevelopment />","Render"],"duration":17,"failureMessages":[],"fullName":"<ComponentDrivenDevelopment /> Render must match openSourceDependencyProjects()","location":null,"status":"passed","title":"must match openSourceDependencyProjects()"},{"ancestorTitles":["<ComponentDrivenDevelopment />","Render"],"duration":4,"failureMessages":[],"fullName":"<ComponentDrivenDevelopment /> Render must match designSystemCore()","location":null,"status":"passed","title":"must match designSystemCore()"},{"ancestorTitles":["<ComponentDrivenDevelopment />","Render"],"duration":8,"failureMessages":[],"fullName":"<ComponentDrivenDevelopment /> Render must match productMicrosites()","location":null,"status":"passed","title":"must match productMicrosites()"}],"endTime":1655361915174,"message":"","name":"/Users/mts/PapillonAdsHub/papillonads/packages/components/src/primer/Concept/ComponentDrivenDevelopment/__tests__/ComponentDrivenDevelopment.int.test.js","startTime":1655361913292,"status":"passed","summary":""},{"assertionResults":[{"ancestorTitles":["index","constants"],"duration":1,"failureMessages":[],"fullName":"index constants must return all sort constants","location":null,"status":"passed","title":"must return all sort constants"},{"ancestorTitles":["index","getSort()"],"duration":1,"failureMessages":[],"fullName":"index getSort() must return newSort with sortDefault order when currentSort equals sortDefault","location":null,"status":"passed","title":"must return newSort with sortDefault order when currentSort equals sortDefault"},{"ancestorTitles":["index","getSort()"],"duration":0,"failureMessages":[],"fullName":"index getSort() must return newSort with order reversed from ascending to descending when currentSort index equals newSort index","location":null,"status":"passed","title":"must return newSort with order reversed from ascending to descending when currentSort index equals newSort index"},{"ancestorTitles":["index","getSort()"],"duration":0,"failureMessages":[],"fullName":"index getSort() must return newSort with order reversed from descending to ascending when currentSort index equals newSort index","location":null,"status":"passed","title":"must return newSort with order reversed from descending to ascending when currentSort index equals newSort index"},{"ancestorTitles":["index","getSort()"],"duration":1,"failureMessages":[],"fullName":"index getSort() must return newSort with sortDefault order when currentSort not equal sortDefault and currentSort index not equal newSort index","location":null,"status":"passed","title":"must return newSort with sortDefault order when currentSort not equal sortDefault and currentSort index not equal newSort index"}],"endTime":1655361915236,"message":"","name":"/Users/mts/PapillonAdsHub/papillonads/packages/library/src/sort/__tests__/index.test.js","startTime":1655361913896,"status":"passed","summary":""},{"assertionResults":[{"ancestorTitles":["<Progress />","Render"],"duration":9,"failureMessages":[],"fullName":"<Progress /> Render must match normal()","location":null,"status":"passed","title":"must match normal()"},{"ancestorTitles":["<Progress />","Render"],"duration":4,"failureMessages":[],"fullName":"<Progress /> Render must match large()","location":null,"status":"passed","title":"must match large()"},{"ancestorTitles":["<Progress />","Render"],"duration":3,"failureMessages":[],"fullName":"<Progress /> Render must match small()","location":null,"status":"passed","title":"must match small()"}],"endTime":1655361915450,"message":"","name":"/Users/mts/PapillonAdsHub/papillonads/packages/components/src/primer/Progress/__tests__/Progress.int.test.js","startTime":1655361913559,"status":"passed","summary":""},{"assertionResults":[{"ancestorTitles":["index","getAppMockStore()"],"duration":3,"failureMessages":[],"fullName":"index getAppMockStore() must return a store with custom data when custom data provided","location":null,"status":"passed","title":"must return a store with custom data when custom data provided"}],"endTime":1655361915606,"message":"","name":"/Users/mts/PapillonAdsHub/papillonads/packages/library/src/store/mock/__tests__/index.test.js","startTime":1655361914460,"status":"passed","summary":""},{"assertionResults":[{"ancestorTitles":["index","isBrowser"],"duration":4,"failureMessages":[],"fullName":"index isBrowser must return true when there is a window object","location":null,"status":"passed","title":"must return true when there is a window object"},{"ancestorTitles":["index","isBrowser"],"duration":1,"failureMessages":[],"fullName":"index isBrowser must return false when there is no window object","location":null,"status":"passed","title":"must return false when there is no window object"}],"endTime":1655361915761,"message":"","name":"/Users/mts/PapillonAdsHub/papillonads/packages/library/src/browser/__tests__/index.test.js","startTime":1655361914967,"status":"passed","summary":""},{"assertionResults":[{"ancestorTitles":["index","constants"],"duration":2,"failureMessages":[],"fullName":"index constants must return all pagination constants","location":null,"status":"passed","title":"must return all pagination constants"},{"ancestorTitles":["index","paginate()"],"duration":1,"failureMessages":[],"fullName":"index paginate() must paginate array with page size and return items of given page number","location":null,"status":"passed","title":"must paginate array with page size and return items of given page number"},{"ancestorTitles":["index","setNewIndexItemsOnMove()"],"duration":0,"failureMessages":[],"fullName":"index setNewIndexItemsOnMove() must not be able to move backwards when at start","location":null,"status":"passed","title":"must not be able to move backwards when at start"},{"ancestorTitles":["index","setNewIndexItemsOnMove()"],"duration":1,"failureMessages":[],"fullName":"index setNewIndexItemsOnMove() must be able to move forward when at start","location":null,"status":"passed","title":"must be able to move forward when at start"},{"ancestorTitles":["index","setNewIndexItemsOnMove()"],"duration":0,"failureMessages":[],"fullName":"index setNewIndexItemsOnMove() must not be able to move forward when at end","location":null,"status":"passed","title":"must not be able to move forward when at end"},{"ancestorTitles":["index","setNewIndexItemsOnMove()"],"duration":1,"failureMessages":[],"fullName":"index setNewIndexItemsOnMove() must be able to move backwards when at end","location":null,"status":"passed","title":"must be able to move backwards when at end"}],"endTime":1655361915855,"message":"","name":"/Users/mts/PapillonAdsHub/papillonads/packages/library/src/pagination/__tests__/index.test.js","startTime":1655361915181,"status":"passed","summary":""},{"assertionResults":[{"ancestorTitles":["index","getRandomBoolean()"],"duration":1,"failureMessages":[],"fullName":"index getRandomBoolean() must return true when Math.random() return value is greater than 0.5","location":null,"status":"passed","title":"must return true when Math.random() return value is greater than 0.5"},{"ancestorTitles":["index","getRandomBoolean()"],"duration":0,"failureMessages":[],"fullName":"index getRandomBoolean() must return true when Math.random() return value is less than 0.5","location":null,"status":"passed","title":"must return true when Math.random() return value is less than 0.5"}],"endTime":1655361915857,"message":"","name":"/Users/mts/PapillonAdsHub/papillonads/packages/library/src/boolean/__tests__/index.test.js","startTime":1655361915215,"status":"passed","summary":""}],"wasInterrupted":false}